{"deviceId":"9bde4d3e-dfc7-4b31-90bc-9032961793c0","readings":[{"path":"","meaning":"humidity","value":24.012}],"received":1479907316977}
{"deviceId":"e6d081cb-ed06-4817-bd7a-5eb781a4109c","readings":[{"path":"","meaning":"angularSpeed","value":{"x":0.366,"y":0,"z":2.075}}],"received":1479907324887}
[{"bn":"amb1/modbus/etima-strom/","bt":1480001428.655},{"n":"V a-n","v":230.5494384765625,"u":"V"},{"n":"V b-n","v":230.12722778320312,"u":"V"},{"n":"V c-n","v":230.29534912109375,"u":"V"},{"n":"I a","v":24.63257598876953,"u":"A"},{"n":"I b","v":25.195981979370117,"u":"A"},{"n":"I c","v":23.139299392700195,"u":"A"},{"n":"P a","v":5462.740234375,"u":"W"},{"n":"P b","v":5624.10302734375,"u":"W"},{"n":"P c","v":5121.3876953125,"u":"W"},{"n":"MP a","v":13727.556640625,"u":"W"},{"n":"MP b","v":14837.0654296875,"u":"W"},{"n":"MP c","v":13078.4951171875,"u":"W"}]
{"deviceId":"41d1bebb-51fc-46cc-87f1-7f7bf251d02e","readings":[{"path":"","meaning":"luminosity","value":23.04}],"received":1479907318936}
{"deviceId":"f5cb907b-0dc7-43e8-91ab-fae94b4da6da","readings":[{"path":"","meaning":"magneticField","value":{"x":53,"y":13,"z":-95}}],"received":1479907324826}
{"deviceId":"6d3ae3fe-0513-47f6-bad9-89c1b55fa024","readings":[{"path":"","meaning":"humidity","value":24.269}],"received":1479907323006}
{"deviceId":"6d3ae3fe-0513-47f6-bad9-89c1b55fa024","readings":[{"path":"","meaning":"temperature","value":22.308}],"received":1479907316961}
{"deviceId":"41d1bebb-51fc-46cc-87f1-7f7bf251d02e","readings":[{"path":"","meaning":"angularSpeed","value":{"x":-0.244,"y":-2.075,"z":-2.807}}],"received":1479907324990}
{"deviceId":"1543e78e-0d1b-418e-86a2-1a21c14376db","readings":[{"meaning":"tem3","value":null}],"received":1479907315927}
{"deviceId":"a84a4d83-3a6c-4fd1-9076-5f55309da2b6","readings":[{"meaning":"tem2","value":3.38}],"received":1479907328569}
{"deviceId":"41d1bebb-51fc-46cc-87f1-7f7bf251d02e","readings":[{"path":"","meaning":"luminosity","value":23.04}],"received":1479907315861}
{"deviceId":"bda4b3db-f615-4b77-9254-f53654e0615e","readings":[{"path":"","meaning":"luminosity","value":14.4}],"received":1479907328783}
[{"bn":"amb1/s7/blasmaschine/","bt":1480001429.133},{"n":"WS_Cur_Mode","v":8},{"n":"WS_Cur_Prog","v":1},{"n":"WS_Cur_State","v":128},{"n":"WS_Not_Of_Fail_Code","v":0},{"n":"KRO_First_Fault_M_Nu","v":0},{"n":"KRO_First_Fault_S_Nu","v":0},{"n":"WS_Pointer_Code","v":30009120},{"n":"KRO_Last_Warn_M_Num","v":9120},{"n":"KRO_Last_Warn_S_Num","v":3000},{"n":"KRO_Prod_Typ","v":1027},{"n":"KRO_Operating_Hours","v":11644},{"n":"WS_Cur_Mach_Spd","v":900},{"n":"WS_Mach_Design_Spd","v":900},{"n":"WS_Bottle_Type","v":1027},{"n":"KRO_Temp_Set_Poi_Pre","v":126},{"n":"KRO_Temp_Act_Val_Pre","v":1.7656360650492695e-43},{"n":"WS_Tot_Bottles","v":25102},{"n":"KRO_Prod_Count_Prefo","v":25115}]
{"deviceId":"cc51a2eb-912d-4233-b78f-d447794947a0","readings":[{"path":"","meaning":"luminosity","value":34.56}],"received":1479907317935}
{"deviceId":"19593fd3-feeb-477d-b976-a0b7926c8d5e","readings":[{"path":"","meaning":"angularSpeed","value":{"x":2.685,"y":2.197,"z":4.76}}],"received":1479907325623}
{"deviceId":"2bbde89f-a4ac-4ff1-a8fb-ad2607745f7e","readings":[{"path":"","meaning":"angularSpeed","value":{"x":-2.319,"y":1.464,"z":-0.122}}],"received":1479907320105}
{"deviceId":"19593fd3-feeb-477d-b976-a0b7926c8d5e","readings":[{"path":"","meaning":"humidity","value":24.177}],"received":1479907322882}
{"deviceId":"6d3ae3fe-0513-47f6-bad9-89c1b55fa024","readings":[{"path":"","meaning":"humidity","value":24.269}],"received":1479907332063}
{"deviceId":"6d3ae3fe-0513-47f6-bad9-89c1b55fa024","readings":[{"path":"","meaning":"luminosity","value":11.52}],"received":1479907332074}
{"deviceId":"6d3ae3fe-0513-47f6-bad9-89c1b55fa024","readings":[{"path":"","meaning":"magneticField","value":{"x":57,"y":-4,"z":-154}}],"received":1479907324288}
{"deviceId":"f5cb907b-0dc7-43e8-91ab-fae94b4da6da","readings":[{"path":"","meaning":"luminosity","value":17.28}],"received":1479907324809}
{"deviceId":"6d3ae3fe-0513-47f6-bad9-89c1b55fa024","readings":[{"path":"","meaning":"humidity","value":24.269}],"received":1479907319983}
{"deviceId":"41d1bebb-51fc-46cc-87f1-7f7bf251d02e","readings":[{"path":"","meaning":"angularSpeed","value":{"x":1.708,"y":2.197,"z":7.446}}],"received":1479907318937}
[{"bn":"amb1/modbus/packer-strom/","bt":1480001429.196},{"n":"V a-n","v":231.6790313720703,"u":"V"},{"n":"V b-n","v":231.17840576171875,"u":"V"},{"n":"V c-n","v":231.2020263671875,"u":"V"},{"n":"I a","v":0.8631298542022705,"u":"A"},{"n":"I b","v":0.7570067644119263,"u":"A"},{"n":"I c","v":0.8135500550270081,"u":"A"},{"n":"P a","v":182.37966918945312,"u":"W"},{"n":"P b","v":159.4661865234375,"u":"W"},{"n":"P c","v":173.08343505859375,"u":"W"},{"n":"MP a","v":4455.33984375,"u":"W"},{"n":"MP b","v":2393.333984375,"u":"W"},{"n":"MP c","v":4630.62255859375,"u":"W"}]
{"deviceId":"41d1bebb-51fc-46cc-87f1-7f7bf251d02e","readings":[{"path":"","meaning":"magneticField","value":{"x":54,"y":8,"z":-98}}],"received":1479907330977}
{"deviceId":"e6d081cb-ed06-4817-bd7a-5eb781a4109c","readings":[{"path":"","meaning":"luminosity","value":11.52}],"received":1479907330921}
{"deviceId":"41d1bebb-51fc-46cc-87f1-7f7bf251d02e","readings":[{"path":"","meaning":"humidity","value":23.487}],"received":1479907318935}
{"deviceId":"f5cb907b-0dc7-43e8-91ab-fae94b4da6da","readings":[{"path":"","meaning":"angularSpeed","value":{"x":-6.225,"y":0.244,"z":0.61}}],"received":1479907319709}
{"deviceId":"f5cb907b-0dc7-43e8-91ab-fae94b4da6da","readings":[{"path":"","meaning":"luminosity","value":17.28}],"received":1479907327830}
{"deviceId":"9bde4d3e-dfc7-4b31-90bc-9032961793c0","readings":[{"path":"","meaning":"humidity","value":24.012}],"received":1479907326070}
[{"bn":"amb1/modbus/packer-strom/","bt":1480001428.451},{"n":"V a-n","v":231.5094451904297,"u":"V"},{"n":"V b-n","v":231.05738830566406,"u":"V"},{"n":"V c-n","v":231.08265686035156,"u":"V"},{"n":"I a","v":0.974044144153595,"u":"A"},{"n":"I b","v":0.8635754585266113,"u":"A"},{"n":"I c","v":0.9290114045143127,"u":"A"},{"n":"P a","v":208.82386779785156,"u":"W"},{"n":"P b","v":184.80447387695312,"u":"W"},{"n":"P c","v":200.42845153808594,"u":"W"},{"n":"MP a","v":4455.33984375,"u":"W"},{"n":"MP b","v":2393.333984375,"u":"W"},{"n":"MP c","v":4630.62255859375,"u":"W"}]
{"deviceId":"bda4b3db-f615-4b77-9254-f53654e0615e","readings":[{"path":"","meaning":"angularSpeed","value":{"x":-2.929,"y":-5.737,"z":-2.929}}],"received":1479907331809}
{"deviceId":"cc51a2eb-912d-4233-b78f-d447794947a0","readings":[{"path":"","meaning":"temperature","value":20.224}],"received":1479907317923}
{"deviceId":"78fb9f0b-754f-4db3-a229-94ae7b2379c5","readings":[{"path":"main","meaning":"temperature","value":26.7813},{"path":"main","meaning":"humidity","value":15.34},{"path":"main","meaning":"luminosity","value":0.17231476164},{"path":"main","meaning":"motion","value":0},{"path":"main","meaning":"audio","value":35},{"path":"main","meaning":"presence","value":false},{"path":"main","meaning":"firmwareVersion","value":"1.1.0"}],"received":1479907330386}
{"deviceId":"6d3ae3fe-0513-47f6-bad9-89c1b55fa024","readings":[{"path":"","meaning":"angularSpeed","value":{"x":4.516,"y":-3.051,"z":-0.732}}],"received":1479907320001}
[{"bn":"amb1/modbus/agg1-strom/","bt":1480001429.275},{"n":"V a-n","v":230.67689514160156,"u":"V"},{"n":"V b-n","v":230.7208251953125,"u":"V"},{"n":"V c-n","v":230.7203826904297,"u":"V"},{"n":"I a","v":2.8437702655792236,"u":"A"},{"n":"I b","v":2.729566812515259,"u":"A"},{"n":"I c","v":2.646308183670044,"u":"A"},{"n":"P a","v":427.15301513671875,"u":"W"},{"n":"P b","v":405.11102294921875,"u":"W"},{"n":"P c","v":379.3051452636719,"u":"W"},{"n":"MP a","v":637.7411499023438,"u":"W"},{"n":"MP b","v":606.9644165039062,"u":"W"},{"n":"MP c","v":587.9564819335938,"u":"W"}]
{"deviceId":"19593fd3-feeb-477d-b976-a0b7926c8d5e","readings":[{"path":"","meaning":"luminosity","value":17.28}],"received":1479907328451}
{"deviceId":"e6d081cb-ed06-4817-bd7a-5eb781a4109c","readings":[{"path":"","meaning":"humidity","value":23.298}],"received":1479907330910}
{"deviceId":"f5cb907b-0dc7-43e8-91ab-fae94b4da6da","readings":[{"path":"","meaning":"acceleration","value":{"x":0.007,"y":0.001,"z":-1}}],"received":1479907327824}
{"deviceId":"bda4b3db-f615-4b77-9254-f53654e0615e","readings":[{"path":"","meaning":"magneticField","value":{"x":224,"y":58,"z":-255}}],"received":1479907322755}
{"deviceId":"f5cb907b-0dc7-43e8-91ab-fae94b4da6da","readings":[{"path":"","meaning":"humidity","value":23.915}],"received":1479907331736}
{"deviceId":"bda4b3db-f615-4b77-9254-f53654e0615e","readings":[{"path":"","meaning":"acceleration","value":{"x":0.989,"y":-0.001,"z":0.011}}],"received":1479907319716}
{"deviceId":"9bde4d3e-dfc7-4b31-90bc-9032961793c0","readings":[{"path":"","meaning":"luminosity","value":17.28}],"received":1479907320036}
{"deviceId":"878f4dfb-538c-4736-a555-25d7414fcb96","readings":[{"meaning":"tem2","value":4.25}],"received":1479907331819}
{"deviceId":"6d3ae3fe-0513-47f6-bad9-89c1b55fa024","readings":[{"path":"","meaning":"acceleration","value":{"x":0.009,"y":0.015,"z":-1.008}}],"received":1479907316969}
[{"bn":"amb1/modbus/agg1-strom/","bt":1480001428.654},{"n":"V a-n","v":230.72860717773438,"u":"V"},{"n":"V b-n","v":230.69769287109375,"u":"V"},{"n":"V c-n","v":230.6764678955078,"u":"V"},{"n":"I a","v":2.930126667022705,"u":"A"},{"n":"I b","v":2.8135788440704346,"u":"A"},{"n":"I c","v":2.7303948402404785,"u":"A"},{"n":"P a","v":444.53265380859375,"u":"W"},{"n":"P b","v":422.1823425292969,"u":"W"},{"n":"P c","v":397.4167785644531,"u":"W"},{"n":"MP a","v":637.7411499023438,"u":"W"},{"n":"MP b","v":606.9644165039062,"u":"W"},{"n":"MP c","v":587.9564819335938,"u":"W"}]
{"deviceId":"bda4b3db-f615-4b77-9254-f53654e0615e","readings":[{"path":"","meaning":"temperature","value":21.221}],"received":1479907319707}
{"deviceId":"bda4b3db-f615-4b77-9254-f53654e0615e","readings":[{"path":"","meaning":"temperature","value":21.231}],"received":1479907322729}
{"deviceId":"ba786f82-1dbe-40e0-b0d2-183c0231de9e","readings":[{"path":"main","meaning":"temperature","value":24.1787},{"path":"main","meaning":"humidity","value":17.44},{"path":"main","meaning":"luminosity","value":0.11487650776},{"path":"main","meaning":"motion","value":0},{"path":"main","meaning":"audio","value":35},{"path":"main","meaning":"presence","value":false},{"path":"main","meaning":"firmwareVersion","value":"1.1.0"}],"received":1479907322083}
{"deviceId":"1543e78e-0d1b-418e-86a2-1a21c14376db","readings":[{"meaning":"tem1","value":-17.69}],"received":1479907325783}
{"deviceId":"e6d081cb-ed06-4817-bd7a-5eb781a4109c","readings":[{"path":"","meaning":"luminosity","value":11.52}],"received":1479907324880}
[{"bn":"amb1/modbus/etima-strom/","bt":1480001429.193},{"n":"V a-n","v":230.98577880859375,"u":"V"},{"n":"V b-n","v":230.14154052734375,"u":"V"},{"n":"V c-n","v":230.3174591064453,"u":"V"},{"n":"I a","v":19.41899299621582,"u":"A"},{"n":"I b","v":24.679677963256836,"u":"A"},{"n":"I c","v":23.65689468383789,"u":"A"},{"n":"P a","v":4215.67529296875,"u":"W"},{"n":"P b","v":5470.4736328125,"u":"W"},{"n":"P c","v":5253.111328125,"u":"W"},{"n":"MP a","v":13727.556640625,"u":"W"},{"n":"MP b","v":14837.0654296875,"u":"W"},{"n":"MP c","v":13078.4951171875,"u":"W"}]
{"deviceId":"cc51a2eb-912d-4233-b78f-d447794947a0","readings":[{"path":"","meaning":"magneticField","value":{"x":-29,"y":27,"z":-23}}],"received":1479907320981}
{"deviceId":"2bbde89f-a4ac-4ff1-a8fb-ad2607745f7e","readings":[{"path":"","meaning":"acceleration","value":{"x":0.024,"y":0.09,"z":-1}}],"received":1479907332173}
{"deviceId":"41d1bebb-51fc-46cc-87f1-7f7bf251d02e","readings":[{"path":"","meaning":"humidity","value":23.518}],"received":1479907328178}
{"deviceId":"e6d081cb-ed06-4817-bd7a-5eb781a4109c","readings":[{"path":"","meaning":"temperature","value":22.782}],"received":1479907318825}
{"deviceId":"e6d081cb-ed06-4817-bd7a-5eb781a4109c","readings":[{"path":"","meaning":"acceleration","value":{"x":-0.004,"y":0.067,"z":-1}}],"received":1479907321855}
[{"bn":"amb1/modbus/agg2-strom/","bt":1480001428.656},{"n":"V a-n","v":230.8503875732422,"u":"V"},{"n":"V b-n","v":230.74436950683594,"u":"V"},{"n":"V c-n","v":230.83782958984375,"u":"V"},{"n":"I a","v":2.6443591117858887,"u":"A"},{"n":"I b","v":2.625908136367798,"u":"A"},{"n":"I c","v":2.755732536315918,"u":"A"},{"n":"P a","v":282.09039306640625,"u":"W"},{"n":"P b","v":389.0286560058594,"u":"W"},{"n":"P c","v":138.06918334960938,"u":"W"},{"n":"MP a","v":395.0259094238281,"u":"W"},{"n":"MP b","v":618.2363891601562,"u":"W"},{"n":"MP c","v":341.9181823730469,"u":"W"}]
{"deviceId":"9bde4d3e-dfc7-4b31-90bc-9032961793c0","readings":[{"path":"","meaning":"luminosity","value":17.28}],"received":1479907326081}
{"deviceId":"f5cb907b-0dc7-43e8-91ab-fae94b4da6da","readings":[{"path":"","meaning":"humidity","value":23.896}],"received":1479907321780}
{"deviceId":"878f4dfb-538c-4736-a555-25d7414fcb96","readings":[{"meaning":"tem1","value":4.31}],"received":1479907321715}
{"deviceId":"cc51a2eb-912d-4233-b78f-d447794947a0","readings":[{"path":"","meaning":"acceleration","value":{"x":1.006,"y":-0.004,"z":-0.002}}],"received":1479907330054}
{"deviceId":"ba786f82-1dbe-40e0-b0d2-183c0231de9e","readings":[{"path":"main","meaning":"temperature","value":24.1969},{"path":"main","meaning":"humidity","value":17.42},{"path":"main","meaning":"luminosity","value":0.11487650776},{"path":"main","meaning":"motion","value":0},{"path":"main","meaning":"audio","value":35},{"path":"main","meaning":"presence","value":false},{"path":"main","meaning":"firmwareVersion","value":"1.1.0"}],"received":1479907329033}
{"deviceId":"e6d081cb-ed06-4817-bd7a-5eb781a4109c","readings":[{"path":"","meaning":"acceleration","value":{"x":-0.001,"y":0.065,"z":-1}}],"received":1479907327895}
{"deviceId":"9bde4d3e-dfc7-4b31-90bc-9032961793c0","readings":[{"path":"","meaning":"angularSpeed","value":{"x":-0.854,"y":-2.197,"z":-1.464}}],"received":1479907326087}
{"deviceId":"a94885d2-59f6-4e60-b53e-a58e270121cf","readings":[{"path":"main","meaning":"temperature","value":22.7136},{"path":"main","meaning":"humidity","value":19.08},{"path":"main","meaning":"luminosity","value":0},{"path":"main","meaning":"motion","value":0},{"path":"main","meaning":"audio","value":78.255961315418},{"path":"main","meaning":"presence","value":false},{"path":"main","meaning":"firmwareVersion","value":"1.1.0"}],"received":1479907319011}
{"deviceId":"19593fd3-feeb-477d-b976-a0b7926c8d5e","readings":[{"path":"","meaning":"temperature","value":22.439}],"received":1479907328439}
{"deviceId":"19593fd3-feeb-477d-b976-a0b7926c8d5e","readings":[{"path":"","meaning":"temperature","value":22.449}],"received":1479907331460}
{"deviceId":"e6d081cb-ed06-4817-bd7a-5eb781a4109c","readings":[{"path":"","meaning":"angularSpeed","value":{"x":-2.197,"y":-1.464,"z":5.126}}],"received":1479907327907}
{"deviceId":"6d3ae3fe-0513-47f6-bad9-89c1b55fa024","readings":[{"path":"","meaning":"angularSpeed","value":{"x":1.22,"y":3.784,"z":5.249}}],"received":1479907326040}
{"deviceId":"6d3ae3fe-0513-47f6-bad9-89c1b55fa024","readings":[{"path":"","meaning":"temperature","value":22.318}],"received":1479907323001}
[{"bn":"amb1/modbus/agg1-strom/","bt":1480001428.964},{"n":"V a-n","v":230.80545043945312,"u":"V"},{"n":"V b-n","v":230.7298583984375,"u":"V"},{"n":"V c-n","v":230.73936462402344,"u":"V"},{"n":"I a","v":2.672900438308716,"u":"A"},{"n":"I b","v":2.5312039852142334,"u":"A"},{"n":"I c","v":2.520670175552368,"u":"A"},{"n":"P a","v":401.14813232421875,"u":"W"},{"n":"P b","v":375.9654235839844,"u":"W"},{"n":"P c","v":360.1343994140625,"u":"W"},{"n":"MP a","v":637.7411499023438,"u":"W"},{"n":"MP b","v":606.9644165039062,"u":"W"},{"n":"MP c","v":587.9564819335938,"u":"W"}]
{"deviceId":"6d3ae3fe-0513-47f6-bad9-89c1b55fa024","readings":[{"path":"","meaning":"luminosity","value":11.52}],"received":1479907323014}
{"deviceId":"19593fd3-feeb-477d-b976-a0b7926c8d5e","readings":[{"path":"","meaning":"acceleration","value":{"x":0.017,"y":0.022,"z":-0.983}}],"received":1479907331468}
{"deviceId":"41d1bebb-51fc-46cc-87f1-7f7bf251d02e","readings":[{"path":"","meaning":"humidity","value":23.487}],"received":1479907315853}
{"deviceId":"e6d081cb-ed06-4817-bd7a-5eb781a4109c","readings":[{"path":"","meaning":"acceleration","value":{"x":-0.001,"y":0.065,"z":-0.999}}],"received":1479907324875}
[{"bn":"amb1/modbus/agg1-strom/","bt":1480001428.058},{"n":"V a-n","v":230.7759552001953,"u":"V"},{"n":"V b-n","v":230.7440948486328,"u":"V"},{"n":"V c-n","v":230.74256896972656,"u":"V"},{"n":"I a","v":2.918856382369995,"u":"A"},{"n":"I b","v":2.7666494846343994,"u":"A"},{"n":"I c","v":2.7530789375305176,"u":"A"},{"n":"P a","v":442.8495788574219,"u":"W"},{"n":"P b","v":415.97491455078125,"u":"W"},{"n":"P c","v":400.436767578125,"u":"W"},{"n":"MP a","v":637.7411499023438,"u":"W"},{"n":"MP b","v":606.9644165039062,"u":"W"},{"n":"MP c","v":587.9564819335938,"u":"W"}]
{"deviceId":"2bbde89f-a4ac-4ff1-a8fb-ad2607745f7e","readings":[{"path":"","meaning":"humidity","value":24.073}],"received":1479907332167}
{"deviceId":"2bbde89f-a4ac-4ff1-a8fb-ad2607745f7e","readings":[{"path":"","meaning":"temperature","value":22.721}],"received":1479907326125}
{"deviceId":"694dfd88-ed73-4a44-a839-b69b5228ad32","readings":[{"path":"total","meaning":"Power","value":"0.517"}],"received":1479907325934}
{"deviceId":"f5cb907b-0dc7-43e8-91ab-fae94b4da6da","readings":[{"path":"","meaning":"angularSpeed","value":{"x":1.831,"y":-2.807,"z":3.906}}],"received":1479907321796}
{"deviceId":"19593fd3-feeb-477d-b976-a0b7926c8d5e","readings":[{"path":"","meaning":"acceleration","value":{"x":0.018,"y":0.018,"z":-0.984}}],"received":1479907316363}
{"deviceId":"2bbde89f-a4ac-4ff1-a8fb-ad2607745f7e","readings":[{"path":"","meaning":"magneticField","value":{"x":14,"y":37,"z":-11}}],"received":1479907323131}
{"deviceId":"f5cb907b-0dc7-43e8-91ab-fae94b4da6da","readings":[{"path":"","meaning":"luminosity","value":17.28}],"received":1479907321790}
{"deviceId":"2bbde89f-a4ac-4ff1-a8fb-ad2607745f7e","readings":[{"path":"","meaning":"temperature","value":22.731}],"received":1479907329146}
{"deviceId":"6d3ae3fe-0513-47f6-bad9-89c1b55fa024","readings":[{"path":"","meaning":"acceleration","value":{"x":0.003,"y":0.016,"z":-1.004}}],"received":1479907329049}
[{"bn":"amb1/modbus/palletierer-strom/","bt":1480001429.096},{"n":"V a-n","v":231.4182891845703,"u":"V"},{"n":"V b-n","v":231.09774780273438,"u":"V"},{"n":"V c-n","v":231.1649169921875,"u":"V"},{"n":"I a","v":15.880889892578125,"u":"A"},{"n":"I b","v":14.392438888549805,"u":"A"},{"n":"I c","v":14.464682579040527,"u":"A"},{"n":"P a","v":3386.313720703125,"u":"W"},{"n":"P b","v":3035.699951171875,"u":"W"},{"n":"P c","v":3037.615966796875,"u":"W"},{"n":"MP a","v":11381.404296875,"u":"W"},{"n":"MP b","v":9179.755859375,"u":"W"},{"n":"MP c","v":10055.6123046875,"u":"W"}]
{"deviceId":"cc51a2eb-912d-4233-b78f-d447794947a0","readings":[{"path":"","meaning":"luminosity","value":34.56}],"received":1479907330060}
[{"bn":"amb1/modbus/fuller-strom/","bt":1480001428.35},{"n":"V a-n","v":229.8982696533203,"u":"V"},{"n":"V b-n","v":229.78622436523438,"u":"V"},{"n":"V c-n","v":229.98191833496094,"u":"V"},{"n":"I a","v":13.258023262023926,"u":"A"},{"n":"I b","v":12.13674545288086,"u":"A"},{"n":"I c","v":11.926641464233398,"u":"A"},{"n":"P a","v":2962.883056640625,"u":"W"},{"n":"P b","v":2697.499755859375,"u":"W"},{"n":"P c","v":2644.0712890625,"u":"W"},{"n":"MP a","v":6588.849609375,"u":"W"},{"n":"MP b","v":6426.0830078125,"u":"W"},{"n":"MP c","v":6329.1083984375,"u":"W"}]
[{"bn":"amb1/s7/packer/","bt":1480001429.179},{"n":"WS_Cur_Mode","v":8},{"n":"WS_Cur_Prog","v":1},{"n":"WS_Cur_State","v":128},{"n":"WS_Not_Of_Fail_Code","v":0},{"n":"KRO_First_Fault_M_Nu","v":0},{"n":"KRO_First_Fault_S_Nu","v":0},{"n":"WS_Pointer_Code","v":125001055},{"n":"KRO_Last_Warn_M_Num","v":1055},{"n":"KRO_Last_Warn_S_Num","v":12500},{"n":"KRO_Prod_Typ","v":0},{"n":"KRO_Operating_Hours","v":3362},{"n":"WS_Mach_Design_Spd","v":180}]
{"deviceId":"428816de-25f5-41a5-b80f-369b87f2b217","readings":[{"meaning":"tem1","value":null}],"received":1479907320668}
{"deviceId":"19593fd3-feeb-477d-b976-a0b7926c8d5e","readings":[{"path":"","meaning":"temperature","value":22.449}],"received":1479907325622}
[{"bn":"amb1/modbus/palletierer-strom/","bt":1480001428.658},{"n":"V a-n","v":231.4355010986328,"u":"V"},{"n":"V b-n","v":231.1156463623047,"u":"V"},{"n":"V c-n","v":231.13735961914062,"u":"V"},{"n":"I a","v":12.028034210205078,"u":"A"},{"n":"I b","v":10.44051742553711,"u":"A"},{"n":"I c","v":10.719817161560059,"u":"A"},{"n":"P a","v":2569.8701171875,"u":"W"},{"n":"P b","v":2175.43701171875,"u":"W"},{"n":"P c","v":2209.848388671875,"u":"W"},{"n":"MP a","v":11381.404296875,"u":"W"},{"n":"MP b","v":9179.755859375,"u":"W"},{"n":"MP c","v":10055.6123046875,"u":"W"}]
{"deviceId":"a84a4d83-3a6c-4fd1-9076-5f55309da2b6","readings":[{"meaning":"tem2","value":3.38}],"received":1479907318606}
{"deviceId":"f8df5133-0d50-42e4-be10-f533157220a4","readings":[{"path":"total","meaning":"Voltage","value":"123.140"}],"received":1479907317923}
{"deviceId":"2bbde89f-a4ac-4ff1-a8fb-ad2607745f7e","readings":[{"path":"","meaning":"humidity","value":24.073}],"received":1479907320087}
[{"bn":"amb1/modbus/agg1-strom/","bt":1480001428.756},{"n":"V a-n","v":230.72860717773438,"u":"V"},{"n":"V b-n","v":230.69769287109375,"u":"V"},{"n":"V c-n","v":230.6764678955078,"u":"V"},{"n":"I a","v":2.930126667022705,"u":"A"},{"n":"I b","v":2.8135788440704346,"u":"A"},{"n":"I c","v":2.7303948402404785,"u":"A"},{"n":"P a","v":444.53265380859375,"u":"W"},{"n":"P b","v":422.1823425292969,"u":"W"},{"n":"P c","v":397.4167785644531,"u":"W"},{"n":"MP a","v":637.7411499023438,"u":"W"},{"n":"MP b","v":606.9644165039062,"u":"W"},{"n":"MP c","v":587.9564819335938,"u":"W"}]
{"deviceId":"f5cb907b-0dc7-43e8-91ab-fae94b4da6da","readings":[{"path":"","meaning":"temperature","value":22.399}],"received":1479907324796}
{"deviceId":"e6d081cb-ed06-4817-bd7a-5eb781a4109c","readings":[{"path":"","meaning":"acceleration","value":{"x":0,"y":0.065,"z":-0.995}}],"received":1479907330915}
[{"bn":"amb1/s7/palletierer/","bt":1480001428.464},{"n":"WS_Cur_Mode","v":8},{"n":"WS_Cur_Prog","v":1},{"n":"WS_Cur_State","v":128},{"n":"WS_Not_Of_Fail_Code","v":0},{"n":"KRO_First_Fault_M_Nu","v":0},{"n":"KRO_First_Fault_S_Nu","v":0},{"n":"WS_Pointer_Code","v":110001417},{"n":"KRO_Last_Warn_M_Num","v":1417},{"n":"KRO_Last_Warn_S_Num","v":11000},{"n":"KRO_Prod_Typ","v":1031},{"n":"KRO_Operating_Hours","v":3635},{"n":"WS_Prog_Step","v":0},{"n":"WS_S88_State","v":0},{"n":"KRO_Energy_State","v":0},{"n":"KRO_Temp_Prod_Out","v":0},{"n":"KRO_Temp_Steam_1","v":0},{"n":"KRO_Temp_Steam_2","v":0},{"n":"KRO_Temp_Steam_3","v":0},{"n":"KRO_Temp_Steam_4","v":0},{"n":"KRO_Temp_Steam_5","v":0},{"n":"KRO_Press_Prod_Tank","v":0},{"n":"KRO_Press_CIP","v":0},{"n":"KRO_Diff_Pr_Prod_Ta","v":0}]
[{"bn":"amb1/modbus/fuller-strom/","bt":1480001429.482},{"n":"V a-n","v":229.9700469970703,"u":"V"},{"n":"V b-n","v":229.97669982910156,"u":"V"},{"n":"V c-n","v":230.0548858642578,"u":"V"},{"n":"I a","v":13.104411125183105,"u":"A"},{"n":"I b","v":11.969460487365723,"u":"A"},{"n":"I c","v":11.785382270812988,"u":"A"},{"n":"P a","v":2925.28173828125,"u":"W"},{"n":"P b","v":2660.551025390625,"u":"W"},{"n":"P c","v":2608.778564453125,"u":"W"},{"n":"MP a","v":6588.849609375,"u":"W"},{"n":"MP b","v":6426.0830078125,"u":"W"},{"n":"MP c","v":6329.1083984375,"u":"W"}]
{"deviceId":"bda4b3db-f615-4b77-9254-f53654e0615e","readings":[{"path":"","meaning":"acceleration","value":{"x":0.993,"y":-0.002,"z":0.012}}],"received":1479907316700}
{"deviceId":"6d3ae3fe-0513-47f6-bad9-89c1b55fa024","readings":[{"path":"","meaning":"luminosity","value":14.4}],"received":1479907316974}
[{"bn":"amb1/modbus/palletierer-strom/","bt":1480001428.072},{"n":"V a-n","v":231.53271484375,"u":"V"},{"n":"V b-n","v":231.11561584472656,"u":"V"},{"n":"V c-n","v":231.20799255371094,"u":"V"},{"n":"I a","v":12.569180488586426,"u":"A"},{"n":"I b","v":11.039642333984375,"u":"A"},{"n":"I c","v":11.277491569519043,"u":"A"},{"n":"P a","v":2718.0166015625,"u":"W"},{"n":"P b","v":2350.52685546875,"u":"W"},{"n":"P c","v":2378.430908203125,"u":"W"},{"n":"MP a","v":11381.404296875,"u":"W"},{"n":"MP b","v":9179.755859375,"u":"W"},{"n":"MP c","v":10055.6123046875,"u":"W"}]
{"deviceId":"e6d081cb-ed06-4817-bd7a-5eb781a4109c","readings":[{"path":"","meaning":"luminosity","value":11.52}],"received":1479907327901}
{"deviceId":"19593fd3-feeb-477d-b976-a0b7926c8d5e","readings":[{"path":"","meaning":"magneticField","value":{"x":87,"y":-4,"z":-161}}],"received":1479907319403}
[{"bn":"amb1/modbus/fuller-strom/","bt":1480001429.182},{"n":"V a-n","v":229.92449951171875,"u":"V"},{"n":"V b-n","v":229.84136962890625,"u":"V"},{"n":"V c-n","v":229.9846649169922,"u":"V"},{"n":"I a","v":13.2181978225708,"u":"A"},{"n":"I b","v":12.055425643920898,"u":"A"},{"n":"I c","v":11.842086791992188,"u":"A"},{"n":"P a","v":2954.5322265625,"u":"W"},{"n":"P b","v":2680.11376953125,"u":"W"},{"n":"P c","v":2627.085693359375,"u":"W"},{"n":"MP a","v":6588.849609375,"u":"W"},{"n":"MP b","v":6426.0830078125,"u":"W"},{"n":"MP c","v":6329.1083984375,"u":"W"}]
{"deviceId":"7d8987fe-a28e-4f6c-a8c7-17ea4cdbd87f","readings":[{"path":"main","meaning":"temperature","value":24.0786},{"path":"main","meaning":"humidity","value":18.21},{"path":"main","meaning":"luminosity","value":0.11487650776},{"path":"main","meaning":"motion","value":0},{"path":"main","meaning":"audio","value":35},{"path":"main","meaning":"presence","value":false},{"path":"main","meaning":"firmwareVersion","value":"1.1.0"}],"received":1479907318867}
[{"bn":"amb1/modbus/agg1-strom/","bt":1480001429.073},{"n":"V a-n","v":230.73709106445312,"u":"V"},{"n":"V b-n","v":230.6480255126953,"u":"V"},{"n":"V c-n","v":230.74061584472656,"u":"V"},{"n":"I a","v":3.009084701538086,"u":"A"},{"n":"I b","v":2.8725132942199707,"u":"A"},{"n":"I c","v":2.8417975902557373,"u":"A"},{"n":"P a","v":461.2729187011719,"u":"W"},{"n":"P b","v":434.5295715332031,"u":"W"},{"n":"P c","v":420.6416931152344,"u":"W"},{"n":"MP a","v":637.7411499023438,"u":"W"},{"n":"MP b","v":606.9644165039062,"u":"W"},{"n":"MP c","v":587.9564819335938,"u":"W"}]
{"deviceId":"e6d081cb-ed06-4817-bd7a-5eb781a4109c","readings":[{"path":"","meaning":"humidity","value":23.298}],"received":1479907321849}
{"deviceId":"41d1bebb-51fc-46cc-87f1-7f7bf251d02e","readings":[{"path":"","meaning":"luminosity","value":23.04}],"received":1479907328180}
[{"bn":"amb1/modbus/agg1-strom/","bt":1480001428.246},{"n":"V a-n","v":230.7664337158203,"u":"V"},{"n":"V b-n","v":230.71141052246094,"u":"V"},{"n":"V c-n","v":230.77114868164062,"u":"V"},{"n":"I a","v":2.6234562397003174,"u":"A"},{"n":"I b","v":2.4808595180511475,"u":"A"},{"n":"I c","v":2.4729676246643066,"u":"A"},{"n":"P a","v":390.4031066894531,"u":"W"},{"n":"P b","v":364.70947265625,"u":"W"},{"n":"P c","v":350.95751953125,"u":"W"},{"n":"MP a","v":637.7411499023438,"u":"W"},{"n":"MP b","v":606.9644165039062,"u":"W"},{"n":"MP c","v":587.9564819335938,"u":"W"}]
{"deviceId":"bda4b3db-f615-4b77-9254-f53654e0615e","readings":[{"path":"","meaning":"luminosity","value":14.4}],"received":1479907316700}
{"deviceId":"bda4b3db-f615-4b77-9254-f53654e0615e","readings":[{"path":"","meaning":"acceleration","value":{"x":0.992,"y":0.002,"z":0.011}}],"received":1479907328777}
{"deviceId":"41d1bebb-51fc-46cc-87f1-7f7bf251d02e","readings":[{"path":"","meaning":"temperature","value":22.762}],"received":1479907315853}
{"deviceId":"cc51a2eb-912d-4233-b78f-d447794947a0","readings":[{"path":"","meaning":"humidity","value":27.076}],"received":1479907320956}
{"deviceId":"ba786f82-1dbe-40e0-b0d2-183c0231de9e","readings":[{"path":"main","meaning":"temperature","value":24.1787},{"path":"main","meaning":"humidity","value":17.38},{"path":"main","meaning":"luminosity","value":0.11487650776},{"path":"main","meaning":"motion","value":0},{"path":"main","meaning":"audio","value":35},{"path":"main","meaning":"presence","value":false},{"path":"main","meaning":"firmwareVersion","value":"1.1.0"}],"received":1479907318607}
{"deviceId":"2bbde89f-a4ac-4ff1-a8fb-ad2607745f7e","readings":[{"path":"","meaning":"luminosity","value":14.4}],"received":1479907326137}
{"deviceId":"6d3ae3fe-0513-47f6-bad9-89c1b55fa024","readings":[{"path":"","meaning":"temperature","value":22.308}],"received":1479907326022}
{"deviceId":"41d1bebb-51fc-46cc-87f1-7f7bf251d02e","readings":[{"path":"","meaning":"angularSpeed","value":{"x":-2.197,"y":-5.737,"z":-0.122}}],"received":1479907330970}
{"deviceId":"cc51a2eb-912d-4233-b78f-d447794947a0","readings":[{"path":"","meaning":"angularSpeed","value":{"x":2.075,"y":-1.342,"z":-0.244}}],"received":1479907317942}
{"deviceId":"e6d081cb-ed06-4817-bd7a-5eb781a4109c","readings":[{"path":"","meaning":"acceleration","value":{"x":0.003,"y":0.065,"z":-0.995}}],"received":1479907315811}
{"deviceId":"9bde4d3e-dfc7-4b31-90bc-9032961793c0","readings":[{"path":"","meaning":"acceleration","value":{"x":0.022,"y":0.09,"z":-1.007}}],"received":1479907329105}
{"deviceId":"1543e78e-0d1b-418e-86a2-1a21c14376db","readings":[{"meaning":"tem2","value":3.56}],"received":1479907325928}
{"deviceId":"1543e78e-0d1b-418e-86a2-1a21c14376db","readings":[{"meaning":"tem3","value":null}],"received":1479907325929}
{"deviceId":"f5cb907b-0dc7-43e8-91ab-fae94b4da6da","readings":[{"path":"","meaning":"humidity","value":23.915}],"received":1479907327821}
{"deviceId":"6d3ae3fe-0513-47f6-bad9-89c1b55fa024","readings":[{"path":"","meaning":"luminosity","value":14.4}],"received":1479907326035}
{"deviceId":"bda4b3db-f615-4b77-9254-f53654e0615e","readings":[{"path":"","meaning":"humidity","value":25.941}],"received":1479907328771}
[{"bn":"amb1/modbus/agg2-strom/","bt":1480001429.39},{"n":"V a-n","v":230.88223266601562,"u":"V"},{"n":"V b-n","v":230.82080078125,"u":"V"},{"n":"V c-n","v":230.82752990722656,"u":"V"},{"n":"I a","v":2.611189603805542,"u":"A"},{"n":"I b","v":2.5612640380859375,"u":"A"},{"n":"I c","v":2.743497610092163,"u":"A"},{"n":"P a","v":276.0834655761719,"u":"W"},{"n":"P b","v":377.2370910644531,"u":"W"},{"n":"P c","v":135.1907958984375,"u":"W"},{"n":"MP a","v":395.0259094238281,"u":"W"},{"n":"MP b","v":618.2363891601562,"u":"W"},{"n":"MP c","v":341.9181823730469,"u":"W"}]
{"deviceId":"e6d081cb-ed06-4817-bd7a-5eb781a4109c","readings":[{"path":"","meaning":"angularSpeed","value":{"x":-2.197,"y":-8.666,"z":-6.835}}],"received":1479907330927}
{"deviceId":"19593fd3-feeb-477d-b976-a0b7926c8d5e","readings":[{"path":"","meaning":"luminosity","value":17.28}],"received":1479907319390}
[{"bn":"amb1/modbus/palletierer-strom/","bt":1480001429.388},{"n":"V a-n","v":231.4854278564453,"u":"V"},{"n":"V b-n","v":231.2004852294922,"u":"V"},{"n":"V c-n","v":231.23548889160156,"u":"V"},{"n":"I a","v":13.580018997192383,"u":"A"},{"n":"I b","v":11.868663787841797,"u":"A"},{"n":"I c","v":12.063264846801758,"u":"A"},{"n":"P a","v":2990.406494140625,"u":"W"},{"n":"P b","v":2580.27197265625,"u":"W"},{"n":"P c","v":2612.8740234375,"u":"W"},{"n":"MP a","v":11381.404296875,"u":"W"},{"n":"MP b","v":9179.755859375,"u":"W"},{"n":"MP c","v":10055.6123046875,"u":"W"}]
{"deviceId":"41d1bebb-51fc-46cc-87f1-7f7bf251d02e","readings":[{"path":"","meaning":"acceleration","value":{"x":-0.004,"y":0.064,"z":-0.998}}],"received":1479907318936}
{"deviceId":"f5cb907b-0dc7-43e8-91ab-fae94b4da6da","readings":[{"path":"","meaning":"humidity","value":23.915}],"received":1479907315739}
[{"bn":"amb1/modbus/etima-strom/","bt":1480001428.043},{"n":"V a-n","v":230.72459411621094,"u":"V"},{"n":"V b-n","v":230.40982055664062,"u":"V"},{"n":"V c-n","v":230.31971740722656,"u":"V"},{"n":"I a","v":21.309160232543945,"u":"A"},{"n":"I b","v":19.937902450561523,"u":"A"},{"n":"I c","v":20.291433334350586,"u":"A"},{"n":"P a","v":4658.50244140625,"u":"W"},{"n":"P b","v":4360.7197265625,"u":"W"},{"n":"P c","v":4449.76416015625,"u":"W"},{"n":"MP a","v":13727.556640625,"u":"W"},{"n":"MP b","v":14837.0654296875,"u":"W"},{"n":"MP c","v":13078.4951171875,"u":"W"}]
[{"bn":"amb1/modbus/fuller-strom/","bt":1480001428.965},{"n":"V a-n","v":229.94888305664062,"u":"V"},{"n":"V b-n","v":229.8531951904297,"u":"V"},{"n":"V c-n","v":229.99366760253906,"u":"V"},{"n":"I a","v":13.05784797668457,"u":"A"},{"n":"I b","v":11.961479187011719,"u":"A"},{"n":"I c","v":11.762735366821289,"u":"A"},{"n":"P a","v":2916.18798828125,"u":"W"},{"n":"P b","v":2658.846923828125,"u":"W"},{"n":"P c","v":2606.0498046875,"u":"W"},{"n":"MP a","v":6588.849609375,"u":"W"},{"n":"MP b","v":6426.0830078125,"u":"W"},{"n":"MP c","v":6329.1083984375,"u":"W"}]
{"deviceId":"2bbde89f-a4ac-4ff1-a8fb-ad2607745f7e","readings":[{"path":"","meaning":"humidity","value":24.092}],"received":1479907323106}
{"deviceId":"bda4b3db-f615-4b77-9254-f53654e0615e","readings":[{"path":"","meaning":"acceleration","value":{"x":0.99,"y":-0.006,"z":0.015}}],"received":1479907325760}
{"deviceId":"2bbde89f-a4ac-4ff1-a8fb-ad2607745f7e","readings":[{"path":"","meaning":"temperature","value":22.721}],"received":1479907317064}
{"deviceId":"cc51a2eb-912d-4233-b78f-d447794947a0","readings":[{"path":"","meaning":"acceleration","value":{"x":1.011,"y":-0.006,"z":-0.001}}],"received":1479907317931}
{"deviceId":"41d1bebb-51fc-46cc-87f1-7f7bf251d02e","readings":[{"path":"","meaning":"acceleration","value":{"x":-0.006,"y":0.065,"z":-1.001}}],"received":1479907315856}
{"deviceId":"e6d081cb-ed06-4817-bd7a-5eb781a4109c","readings":[{"path":"","meaning":"luminosity","value":11.52}],"received":1479907315817}
{"deviceId":"cc51a2eb-912d-4233-b78f-d447794947a0","readings":[{"path":"","meaning":"angularSpeed","value":{"x":-0.732,"y":-7.812,"z":3.662}}],"received":1479907320973}
{"deviceId":"f5cb907b-0dc7-43e8-91ab-fae94b4da6da","readings":[{"path":"","meaning":"acceleration","value":{"x":0.011,"y":0,"z":-1.005}}],"received":1479907324804}
[{"bn":"amb1/modbus/packer-strom/","bt":1480001428.555},{"n":"V a-n","v":231.68338012695312,"u":"V"},{"n":"V b-n","v":231.2698211669922,"u":"V"},{"n":"V c-n","v":231.23939514160156,"u":"V"},{"n":"I a","v":0.8600571155548096,"u":"A"},{"n":"I b","v":0.7575575709342957,"u":"A"},{"n":"I c","v":0.8118769526481628,"u":"A"},{"n":"P a","v":178.07861328125,"u":"W"},{"n":"P b","v":155.5726318359375,"u":"W"},{"n":"P c","v":169.06552124023438,"u":"W"},{"n":"MP a","v":4455.33984375,"u":"W"},{"n":"MP b","v":2393.333984375,"u":"W"},{"n":"MP c","v":4630.62255859375,"u":"W"}]
{"deviceId":"19593fd3-feeb-477d-b976-a0b7926c8d5e","readings":[{"path":"","meaning":"magneticField","value":{"x":87,"y":-3,"z":-163}}],"received":1479907328465}
{"deviceId":"41d1bebb-51fc-46cc-87f1-7f7bf251d02e","readings":[{"path":"","meaning":"magneticField","value":{"x":55,"y":7,"z":-96}}],"received":1479907318937}
{"deviceId":"41d1bebb-51fc-46cc-87f1-7f7bf251d02e","readings":[{"path":"","meaning":"temperature","value":22.731}],"received":1479907330950}
{"deviceId":"cc51a2eb-912d-4233-b78f-d447794947a0","readings":[{"path":"","meaning":"humidity","value":27.076}],"received":1479907317924}
[{"bn":"amb1/modbus/packer-strom/","bt":1480001428.169},{"n":"V a-n","v":231.72422790527344,"u":"V"},{"n":"V b-n","v":231.25558471679688,"u":"V"},{"n":"V c-n","v":231.21966552734375,"u":"V"},{"n":"I a","v":0.8605640530586243,"u":"A"},{"n":"I b","v":0.7524775266647339,"u":"A"},{"n":"I c","v":0.8131038546562195,"u":"A"},{"n":"P a","v":181.74978637695312,"u":"W"},{"n":"P b","v":158.49362182617188,"u":"W"},{"n":"P c","v":173.0067138671875,"u":"W"},{"n":"MP a","v":4455.33984375,"u":"W"},{"n":"MP b","v":2393.333984375,"u":"W"},{"n":"MP c","v":4630.62255859375,"u":"W"}]
[{"bn":"amb1/modbus/fuller-strom/","bt":1480001428.455},{"n":"V a-n","v":229.8982696533203,"u":"V"},{"n":"V b-n","v":229.78622436523438,"u":"V"},{"n":"V c-n","v":229.98191833496094,"u":"V"},{"n":"I a","v":13.258023262023926,"u":"A"},{"n":"I b","v":12.13674545288086,"u":"A"},{"n":"I c","v":11.926641464233398,"u":"A"},{"n":"P a","v":2962.883056640625,"u":"W"},{"n":"P b","v":2697.499755859375,"u":"W"},{"n":"P c","v":2644.0712890625,"u":"W"},{"n":"MP a","v":6588.849609375,"u":"W"},{"n":"MP b","v":6426.0830078125,"u":"W"},{"n":"MP c","v":6329.1083984375,"u":"W"}]
[{"bn":"amb1/modbus/agg1-strom/","bt":1480001428.859},{"n":"V a-n","v":230.80545043945312,"u":"V"},{"n":"V b-n","v":230.7298583984375,"u":"V"},{"n":"V c-n","v":230.73936462402344,"u":"V"},{"n":"I a","v":2.672900438308716,"u":"A"},{"n":"I b","v":2.5312039852142334,"u":"A"},{"n":"I c","v":2.520670175552368,"u":"A"},{"n":"P a","v":401.14813232421875,"u":"W"},{"n":"P b","v":375.9654235839844,"u":"W"},{"n":"P c","v":360.1343994140625,"u":"W"},{"n":"MP a","v":637.7411499023438,"u":"W"},{"n":"MP b","v":606.9644165039062,"u":"W"},{"n":"MP c","v":587.9564819335938,"u":"W"}]
{"deviceId":"bda4b3db-f615-4b77-9254-f53654e0615e","readings":[{"path":"","meaning":"temperature","value":21.221}],"received":1479907316688}
[{"bn":"amb1/modbus/palletierer-strom/","bt":1480001429.199},{"n":"V a-n","v":231.37232971191406,"u":"V"},{"n":"V b-n","v":231.05142211914062,"u":"V"},{"n":"V c-n","v":231.11375427246094,"u":"V"},{"n":"I a","v":13.885409355163574,"u":"A"},{"n":"I b","v":12.197977066040039,"u":"A"},{"n":"I c","v":12.345273971557617,"u":"A"},{"n":"P a","v":3013.932861328125,"u":"W"},{"n":"P b","v":2618.165771484375,"u":"W"},{"n":"P c","v":2624.552001953125,"u":"W"},{"n":"MP a","v":11381.404296875,"u":"W"},{"n":"MP b","v":9179.755859375,"u":"W"},{"n":"MP c","v":10055.6123046875,"u":"W"}]
{"deviceId":"f8df5133-0d50-42e4-be10-f533157220a4","readings":[{"path":"total","meaning":"Consumption","value":"15.009"}],"received":1479907317163}
{"deviceId":"bda4b3db-f615-4b77-9254-f53654e0615e","readings":[{"path":"","meaning":"luminosity","value":14.4}],"received":1479907331806}
{"deviceId":"6d3ae3fe-0513-47f6-bad9-89c1b55fa024","readings":[{"path":"","meaning":"acceleration","value":{"x":0.003,"y":0.016,"z":-1.012}}],"received":1479907323009}
{"deviceId":"878f4dfb-538c-4736-a555-25d7414fcb96","readings":[{"meaning":"tem3","value":null}],"received":1479907331820}
{"deviceId":"9bde4d3e-dfc7-4b31-90bc-9032961793c0","readings":[{"path":"","meaning":"acceleration","value":{"x":0.017,"y":0.093,"z":-1.009}}],"received":1479907326076}
{"deviceId":"428816de-25f5-41a5-b80f-369b87f2b217","readings":[{"meaning":"tem3","value":null}],"received":1479907320812}
[{"bn":"amb1/modbus/palletierer-strom/","bt":1480001428.972},{"n":"V a-n","v":231.43218994140625,"u":"V"},{"n":"V b-n","v":231.116943359375,"u":"V"},{"n":"V c-n","v":231.18035888671875,"u":"V"},{"n":"I a","v":12.702014923095703,"u":"A"},{"n":"I b","v":11.15201473236084,"u":"A"},{"n":"I c","v":11.42245864868164,"u":"A"},{"n":"P a","v":2748.537841796875,"u":"W"},{"n":"P b","v":2376.073974609375,"u":"W"},{"n":"P c","v":2409.38720703125,"u":"W"},{"n":"MP a","v":11381.404296875,"u":"W"},{"n":"MP b","v":9179.755859375,"u":"W"},{"n":"MP c","v":10055.6123046875,"u":"W"}]
[{"bn":"amb1/modbus/packer-strom/","bt":1480001428.969},{"n":"V a-n","v":231.7721405029297,"u":"V"},{"n":"V b-n","v":231.3772735595703,"u":"V"},{"n":"V c-n","v":231.29652404785156,"u":"V"},{"n":"I a","v":0.8517460823059082,"u":"A"},{"n":"I b","v":0.7445690631866455,"u":"A"},{"n":"I c","v":0.8053715825080872,"u":"A"},{"n":"P a","v":179.13987731933594,"u":"W"},{"n":"P b","v":156.19186401367188,"u":"W"},{"n":"P c","v":170.86793518066406,"u":"W"},{"n":"MP a","v":4455.33984375,"u":"W"},{"n":"MP b","v":2393.333984375,"u":"W"},{"n":"MP c","v":4630.62255859375,"u":"W"}]
{"deviceId":"2bbde89f-a4ac-4ff1-a8fb-ad2607745f7e","readings":[{"path":"","meaning":"humidity","value":24.073}],"received":1479907329147}
{"deviceId":"9bde4d3e-dfc7-4b31-90bc-9032961793c0","readings":[{"path":"","meaning":"luminosity","value":17.28}],"received":1479907316988}
{"deviceId":"694dfd88-ed73-4a44-a839-b69b5228ad32","readings":[{"path":"total","meaning":"Power","value":"0.517"}],"received":1479907325934}
{"deviceId":"cc51a2eb-912d-4233-b78f-d447794947a0","readings":[{"path":"","meaning":"magneticField","value":{"x":-28,"y":27,"z":-24}}],"received":1479907324011}
{"deviceId":"2bbde89f-a4ac-4ff1-a8fb-ad2607745f7e","readings":[{"path":"","meaning":"magneticField","value":{"x":15,"y":38,"z":-12}}],"received":1479907317091}
{"deviceId":"41d1bebb-51fc-46cc-87f1-7f7bf251d02e","readings":[{"path":"","meaning":"temperature","value":22.731}],"received":1479907328178}
{"deviceId":"41d1bebb-51fc-46cc-87f1-7f7bf251d02e","readings":[{"path":"","meaning":"temperature","value":22.741}],"received":1479907318934}
[{"bn":"amb1/modbus/packer-strom/","bt":1480001429.279},{"n":"V a-n","v":231.6790313720703,"u":"V"},{"n":"V b-n","v":231.17840576171875,"u":"V"},{"n":"V c-n","v":231.2020263671875,"u":"V"},{"n":"I a","v":0.8631298542022705,"u":"A"},{"n":"I b","v":0.7570067644119263,"u":"A"},{"n":"I c","v":0.8135500550270081,"u":"A"},{"n":"P a","v":182.37966918945312,"u":"W"},{"n":"P b","v":159.4661865234375,"u":"W"},{"n":"P c","v":173.08343505859375,"u":"W"},{"n":"MP a","v":4455.33984375,"u":"W"},{"n":"MP b","v":2393.333984375,"u":"W"},{"n":"MP c","v":4630.62255859375,"u":"W"}]
{"deviceId":"428816de-25f5-41a5-b80f-369b87f2b217","readings":[{"meaning":"tem3","value":null}],"received":1479907330772}
{"deviceId":"bda4b3db-f615-4b77-9254-f53654e0615e","readings":[{"path":"","meaning":"acceleration","value":{"x":0.994,"y":-0.002,"z":0.008}}],"received":1479907331798}
{"deviceId":"f5cb907b-0dc7-43e8-91ab-fae94b4da6da","readings":[{"path":"","meaning":"magneticField","value":{"x":55,"y":14,"z":-96}}],"received":1479907327843}
{"deviceId":"2bbde89f-a4ac-4ff1-a8fb-ad2607745f7e","readings":[{"path":"","meaning":"magneticField","value":{"x":14,"y":38,"z":-12}}],"received":1479907332191}
[{"bn":"amb1/modbus/fuller-strom/","bt":1480001429.277},{"n":"V a-n","v":229.92933654785156,"u":"V"},{"n":"V b-n","v":229.93479919433594,"u":"V"},{"n":"V c-n","v":230.04791259765625,"u":"V"},{"n":"I a","v":13.119873046875,"u":"A"},{"n":"I b","v":11.988905906677246,"u":"A"},{"n":"I c","v":11.77660846710205,"u":"A"},{"n":"P a","v":2930.9912109375,"u":"W"},{"n":"P b","v":2665.616455078125,"u":"W"},{"n":"P c","v":2610.122314453125,"u":"W"},{"n":"MP a","v":6588.849609375,"u":"W"},{"n":"MP b","v":6426.0830078125,"u":"W"},{"n":"MP c","v":6329.1083984375,"u":"W"}]
{"deviceId":"e6d081cb-ed06-4817-bd7a-5eb781a4109c","readings":[{"path":"","meaning":"humidity","value":23.298}],"received":1479907318827}
{"deviceId":"e6d081cb-ed06-4817-bd7a-5eb781a4109c","readings":[{"path":"","meaning":"magneticField","value":{"x":58,"y":14,"z":-49}}],"received":1479907315830}
{"deviceId":"bda4b3db-f615-4b77-9254-f53654e0615e","readings":[{"path":"","meaning":"humidity","value":25.959}],"received":1479907331791}
[{"bn":"amb1/modbus/agg2-strom/","bt":1480001428.553},{"n":"V a-n","v":230.80368041992188,"u":"V"},{"n":"V b-n","v":230.68405151367188,"u":"V"},{"n":"V c-n","v":230.75331115722656,"u":"V"},{"n":"I a","v":2.7016139030456543,"u":"A"},{"n":"I b","v":2.7494020462036133,"u":"A"},{"n":"I c","v":2.898895740509033,"u":"A"},{"n":"P a","v":280.0543212890625,"u":"W"},{"n":"P b","v":402.1711730957031,"u":"W"},{"n":"P c","v":143.90748596191406,"u":"W"},{"n":"MP a","v":395.0259094238281,"u":"W"},{"n":"MP b","v":618.2363891601562,"u":"W"},{"n":"MP c","v":341.9181823730469,"u":"W"}]
{"deviceId":"e6d081cb-ed06-4817-bd7a-5eb781a4109c","readings":[{"path":"","meaning":"temperature","value":22.802}],"received":1479907324867}
{"deviceId":"6d3ae3fe-0513-47f6-bad9-89c1b55fa024","readings":[{"path":"","meaning":"magneticField","value":{"x":57,"y":-4,"z":-155}}],"received":1479907326047}
[{"bn":"amb1/s7/fuller/","bt":1480001428.958},{"n":"WS_Cur_Mode","v":8},{"n":"WS_Cur_Prog","v":1},{"n":"WS_Cur_State","v":128},{"n":"WS_Not_Of_Fail_Code","v":0},{"n":"KRO_First_Fault_M_Nu","v":0},{"n":"KRO_First_Fault_S_Nu","v":0},{"n":"WS_Pointer_Code","v":20002810},{"n":"KRO_Last_Warn_M_Num","v":2810},{"n":"KRO_Last_Warn_S_Num","v":2000},{"n":"KRO_Prod_Typ","v":1050},{"n":"KRO_Operating_Hours","v":4555},{"n":"WS_Pack_Media_Type","v":33558528},{"n":"WS_Tot_Packages","v":33558528},{"n":"KRO_Check1_DivCnt_1","v":29},{"n":"KRO_Check1_DivCnt_2","v":0},{"n":"KRO_Check1_DivCnt_3","v":0},{"n":"KRO_Check1_DivCnt_4","v":0},{"n":"KRO_Check1_ErrCnt_1","v":0},{"n":"KRO_Check1_ErrCnt_2","v":0},{"n":"KRO_Check1_ErrCnt_3","v":0},{"n":"KRO_Check1_ErrCnt_4","v":0},{"n":"KRO_Check1_ErrCnt_5","v":11},{"n":"KRO_Check1_ErrCnt_6","v":1},{"n":"KRO_Check1_ErrCnt_7","v":0},{"n":"KRO_Check1_ErrCnt_8","v":1},{"n":"KRO_Check1_ErrCnt_9","v":1},{"n":"KRO_Check1_ErrCnt_10","v":0},{"n":"KRO_Check1_ErrCnt_11","v":21},{"n":"KRO_Check1_ErrCnt_12","v":0},{"n":"KRO_Check1_ErrCnt_13","v":0},{"n":"KRO_Check1_ErrCnt_14","v":0},{"n":"KRO_Check1_ErrCnt_15","v":0},{"n":"KRO_Check1_ErrCnt_16","v":0},{"n":"KRO_Check1_ErrCnt_17","v":0},{"n":"KRO_Check1_ErrCnt_18","v":0},{"n":"KRO_Check1_ErrCnt_19","v":0},{"n":"KRO_Check1_ErrCnt_20","v":0},{"n":"KRO_Check1_ErrCnt_21","v":0},{"n":"KRO_Check1_ErrCnt_22","v":0},{"n":"KRO_Check1_ErrCnt_23","v":0},{"n":"KRO_Check1_Tot_Btl","v":39124},{"n":"KRO_Check1_Sp_1","v":0},{"n":"KRO_Check1_Sp_2","v":0},{"n":"KRO_Check1_Sp_3","v":0},{"n":"KRO_Check1_Sp_4","v":0},{"n":"KRO_Check1_Sp_5","v":0},{"n":"WS_Prog_Step","v":33558528},{"n":"WS_Cur_Mach_Spd","v":54499},{"n":"WS_Mach_Design_Spd","v":54499},{"n":"WS_Bottle_Type","v":0},{"n":"WS_Press_Bottling","v":4.03797721862793},{"n":"WS_Temp_Product","v":19.76453971862793},{"n":"KRO_Fill_Level","v":130.56207275390625},{"n":"KRO_Press_Prod_In","v":5.03797721862793},{"n":"WS_Tot_Bottles","v":41169},{"n":"WS_Bad_Packages","v":33558528}]
[{"bn":"amb1/modbus/agg2-strom/","bt":1480001428.97},{"n":"V a-n","v":230.8054962158203,"u":"V"},{"n":"V b-n","v":230.73643493652344,"u":"V"},{"n":"V c-n","v":230.81692504882812,"u":"V"},{"n":"I a","v":2.825657367706299,"u":"A"},{"n":"I b","v":2.83201003074646,"u":"A"},{"n":"I c","v":2.9803240299224854,"u":"A"},{"n":"P a","v":297.2025451660156,"u":"W"},{"n":"P b","v":430.552978515625,"u":"W"},{"n":"P c","v":156.6350555419922,"u":"W"},{"n":"MP a","v":395.0259094238281,"u":"W"},{"n":"MP b","v":618.2363891601562,"u":"W"},{"n":"MP c","v":341.9181823730469,"u":"W"}]
{"deviceId":"6d3ae3fe-0513-47f6-bad9-89c1b55fa024","readings":[{"path":"","meaning":"temperature","value":22.298}],"received":1479907319981}
[{"bn":"amb1/modbus/etima-strom/","bt":1480001429.29},{"n":"V a-n","v":230.98577880859375,"u":"V"},{"n":"V b-n","v":230.14154052734375,"u":"V"},{"n":"V c-n","v":230.3174591064453,"u":"V"},{"n":"I a","v":19.41899299621582,"u":"A"},{"n":"I b","v":24.679677963256836,"u":"A"},{"n":"I c","v":23.65689468383789,"u":"A"},{"n":"P a","v":4215.67529296875,"u":"W"},{"n":"P b","v":5470.4736328125,"u":"W"},{"n":"P c","v":5253.111328125,"u":"W"},{"n":"MP a","v":13727.556640625,"u":"W"},{"n":"MP b","v":14837.0654296875,"u":"W"},{"n":"MP c","v":13078.4951171875,"u":"W"}]
[{"bn":"amb1/modbus/packer-strom/","bt":1480001429.083},{"n":"V a-n","v":231.7721405029297,"u":"V"},{"n":"V b-n","v":231.3772735595703,"u":"V"},{"n":"V c-n","v":231.29652404785156,"u":"V"},{"n":"I a","v":0.8517460823059082,"u":"A"},{"n":"I b","v":0.7445690631866455,"u":"A"},{"n":"I c","v":0.8053715825080872,"u":"A"},{"n":"P a","v":179.13987731933594,"u":"W"},{"n":"P b","v":156.19186401367188,"u":"W"},{"n":"P c","v":170.86793518066406,"u":"W"},{"n":"MP a","v":4455.33984375,"u":"W"},{"n":"MP b","v":2393.333984375,"u":"W"},{"n":"MP c","v":4630.62255859375,"u":"W"}]
[{"bn":"amb1/modbus/palletierer-strom/","bt":1480001429.283},{"n":"V a-n","v":231.37232971191406,"u":"V"},{"n":"V b-n","v":231.05142211914062,"u":"V"},{"n":"V c-n","v":231.11375427246094,"u":"V"},{"n":"I a","v":13.885409355163574,"u":"A"},{"n":"I b","v":12.197977066040039,"u":"A"},{"n":"I c","v":12.345273971557617,"u":"A"},{"n":"P a","v":3013.932861328125,"u":"W"},{"n":"P b","v":2618.165771484375,"u":"W"},{"n":"P c","v":2624.552001953125,"u":"W"},{"n":"MP a","v":11381.404296875,"u":"W"},{"n":"MP b","v":9179.755859375,"u":"W"},{"n":"MP c","v":10055.6123046875,"u":"W"}]
{"deviceId":"19593fd3-feeb-477d-b976-a0b7926c8d5e","readings":[{"path":"","meaning":"humidity","value":24.177}],"received":1479907328440}
[{"bn":"amb1/modbus/palletierer-strom/","bt":1480001428.356},{"n":"V a-n","v":231.3679962158203,"u":"V"},{"n":"V b-n","v":231.0423583984375,"u":"V"},{"n":"V c-n","v":231.0807342529297,"u":"V"},{"n":"I a","v":12.930840492248535,"u":"A"},{"n":"I b","v":11.276780128479004,"u":"A"},{"n":"I c","v":11.497143745422363,"u":"A"},{"n":"P a","v":2859.794677734375,"u":"W"},{"n":"P b","v":2455.4091796875,"u":"W"},{"n":"P c","v":2483.653564453125,"u":"W"},{"n":"MP a","v":11381.404296875,"u":"W"},{"n":"MP b","v":9179.755859375,"u":"W"},{"n":"MP c","v":10055.6123046875,"u":"W"}]
{"deviceId":"78fb9f0b-754f-4db3-a229-94ae7b2379c5","readings":[{"path":"main","meaning":"temperature","value":26.7813},{"path":"main","meaning":"humidity","value":15.33},{"path":"main","meaning":"luminosity","value":0.17231476164},{"path":"main","meaning":"motion","value":0},{"path":"main","meaning":"audio","value":35},{"path":"main","meaning":"presence","value":false},{"path":"main","meaning":"firmwareVersion","value":"1.1.0"}],"received":1479907327124}
[{"bn":"amb1/modbus/agg2-strom/","bt":1480001428.451},{"n":"V a-n","v":230.80368041992188,"u":"V"},{"n":"V b-n","v":230.68405151367188,"u":"V"},{"n":"V c-n","v":230.75331115722656,"u":"V"},{"n":"I a","v":2.7016139030456543,"u":"A"},{"n":"I b","v":2.7494020462036133,"u":"A"},{"n":"I c","v":2.898895740509033,"u":"A"},{"n":"P a","v":280.0543212890625,"u":"W"},{"n":"P b","v":402.1711730957031,"u":"W"},{"n":"P c","v":143.90748596191406,"u":"W"},{"n":"MP a","v":395.0259094238281,"u":"W"},{"n":"MP b","v":618.2363891601562,"u":"W"},{"n":"MP c","v":341.9181823730469,"u":"W"}]
[{"bn":"amb1/modbus/packer-strom/","bt":1480001428.761},{"n":"V a-n","v":231.64535522460938,"u":"V"},{"n":"V b-n","v":231.23541259765625,"u":"V"},{"n":"V c-n","v":231.17562866210938,"u":"V"},{"n":"I a","v":0.8219508528709412,"u":"A"},{"n":"I b","v":0.7165861129760742,"u":"A"},{"n":"I c","v":0.7732843160629272,"u":"A"},{"n":"P a","v":171.6040496826172,"u":"W"},{"n":"P b","v":149.03758239746094,"u":"W"},{"n":"P c","v":163.03829956054688,"u":"W"},{"n":"MP a","v":4455.33984375,"u":"W"},{"n":"MP b","v":2393.333984375,"u":"W"},{"n":"MP c","v":4630.62255859375,"u":"W"}]
{"deviceId":"694dfd88-ed73-4a44-a839-b69b5228ad32","readings":[{"path":"total","meaning":"Consumption","value":"2.025"}],"received":1479907325850}
{"deviceId":"e6d081cb-ed06-4817-bd7a-5eb781a4109c","readings":[{"path":"","meaning":"magneticField","value":{"x":58,"y":14,"z":-49}}],"received":1479907321874}
{"deviceId":"bda4b3db-f615-4b77-9254-f53654e0615e","readings":[{"path":"","meaning":"acceleration","value":{"x":0.987,"y":-0.002,"z":0.012}}],"received":1479907322736}
{"deviceId":"9bde4d3e-dfc7-4b31-90bc-9032961793c0","readings":[{"path":"","meaning":"angularSpeed","value":{"x":-1.586,"y":-2.197,"z":0.366}}],"received":1479907316994}
{"deviceId":"cc51a2eb-912d-4233-b78f-d447794947a0","readings":[{"path":"","meaning":"humidity","value":27.052}],"received":1479907323986}
{"deviceId":"bda4b3db-f615-4b77-9254-f53654e0615e","readings":[{"path":"","meaning":"luminosity","value":14.4}],"received":1479907322742}
[{"bn":"amb1/modbus/palletierer-strom/","bt":1480001428.255},{"n":"V a-n","v":231.3679962158203,"u":"V"},{"n":"V b-n","v":231.0423583984375,"u":"V"},{"n":"V c-n","v":231.0807342529297,"u":"V"},{"n":"I a","v":12.930840492248535,"u":"A"},{"n":"I b","v":11.276780128479004,"u":"A"},{"n":"I c","v":11.497143745422363,"u":"A"},{"n":"P a","v":2859.794677734375,"u":"W"},{"n":"P b","v":2455.4091796875,"u":"W"},{"n":"P c","v":2483.653564453125,"u":"W"},{"n":"MP a","v":11381.404296875,"u":"W"},{"n":"MP b","v":9179.755859375,"u":"W"},{"n":"MP c","v":10055.6123046875,"u":"W"}]
{"deviceId":"bda4b3db-f615-4b77-9254-f53654e0615e","readings":[{"path":"","meaning":"temperature","value":21.221}],"received":1479907325751}
{"deviceId":"9bde4d3e-dfc7-4b31-90bc-9032961793c0","readings":[{"path":"","meaning":"temperature","value":22.6}],"received":1479907326069}
{"deviceId":"6d3ae3fe-0513-47f6-bad9-89c1b55fa024","readings":[{"path":"","meaning":"magneticField","value":{"x":56,"y":-5,"z":-152}}],"received":1479907316987}
{"deviceId":"6d3ae3fe-0513-47f6-bad9-89c1b55fa024","readings":[{"path":"","meaning":"magneticField","value":{"x":55,"y":-5,"z":-152}}],"received":1479907329068}
{"deviceId":"694dfd88-ed73-4a44-a839-b69b5228ad32","readings":[{"path":"total","meaning":"Current","value":"0.057"}],"received":1479907325973}
{"deviceId":"19593fd3-feeb-477d-b976-a0b7926c8d5e","readings":[{"path":"","meaning":"luminosity","value":17.28}],"received":1479907322882}
{"deviceId":"f5cb907b-0dc7-43e8-91ab-fae94b4da6da","readings":[{"path":"","meaning":"magneticField","value":{"x":53,"y":10,"z":-94}}],"received":1479907315765}
{"deviceId":"19593fd3-feeb-477d-b976-a0b7926c8d5e","readings":[{"path":"","meaning":"magneticField","value":{"x":89,"y":-3,"z":-163}}],"received":1479907331486}
[{"bn":"amb1/modbus/palletierer-strom/","bt":1480001428.453},{"n":"V a-n","v":231.48666381835938,"u":"V"},{"n":"V b-n","v":231.12571716308594,"u":"V"},{"n":"V c-n","v":231.21121215820312,"u":"V"},{"n":"I a","v":11.388415336608887,"u":"A"},{"n":"I b","v":9.875381469726562,"u":"A"},{"n":"I c","v":10.042754173278809,"u":"A"},{"n":"P a","v":2438.145751953125,"u":"W"},{"n":"P b","v":2065.98291015625,"u":"W"},{"n":"P c","v":2073.617919921875,"u":"W"},{"n":"MP a","v":11381.404296875,"u":"W"},{"n":"MP b","v":9179.755859375,"u":"W"},{"n":"MP c","v":10055.6123046875,"u":"W"}]
{"deviceId":"41d1bebb-51fc-46cc-87f1-7f7bf251d02e","readings":[{"path":"","meaning":"angularSpeed","value":{"x":-4.882,"y":0,"z":-4.882}}],"received":1479907323578}
{"deviceId":"878f4dfb-538c-4736-a555-25d7414fcb96","readings":[{"meaning":"tem1","value":4.31}],"received":1479907331716}
{"deviceId":"78fb9f0b-754f-4db3-a229-94ae7b2379c5","readings":[{"path":"main","meaning":"temperature","value":26.7995},{"path":"main","meaning":"humidity","value":15.31},{"path":"main","meaning":"luminosity","value":0.17231476164},{"path":"main","meaning":"motion","value":0},{"path":"main","meaning":"audio","value":35},{"path":"main","meaning":"presence","value":false},{"path":"main","meaning":"firmwareVersion","value":"1.1.0"}],"received":1479907323980}
{"deviceId":"cc51a2eb-912d-4233-b78f-d447794947a0","readings":[{"path":"","meaning":"angularSpeed","value":{"x":0.366,"y":-1.464,"z":1.342}}],"received":1479907330066}
[{"bn":"amb1/s7/etima/","bt":1480001428.946},{"n":"WS_Cur_Mode","v":8},{"n":"WS_Cur_Prog","v":1},{"n":"WS_Cur_State","v":128},{"n":"WS_Not_Of_Fail_Code","v":0},{"n":"KRO_First_Fault_M_Nu","v":0},{"n":"KRO_First_Fault_S_Nu","v":0},{"n":"WS_Pointer_Code","v":10811195},{"n":"KRO_Last_Warn_M_Num","v":1195},{"n":"KRO_Last_Warn_S_Num","v":1081},{"n":"KRO_Prod_Typ","v":1050},{"n":"KRO_Operating_Hours","v":4064},{"n":"WS_Pack_Media_Type","v":1050},{"n":"WS_Tot_Packages","v":36709},{"n":"KRO_Check1_DivCnt_1","v":0},{"n":"KRO_Check1_DivCnt_2","v":0},{"n":"KRO_Check1_DivCnt_3","v":0},{"n":"KRO_Check1_DivCnt_4","v":0},{"n":"KRO_Check1_ErrCnt_1","v":0},{"n":"KRO_Check1_ErrCnt_2","v":0},{"n":"KRO_Check1_ErrCnt_3","v":0},{"n":"KRO_Check1_ErrCnt_4","v":0},{"n":"KRO_Check1_ErrCnt_5","v":0},{"n":"KRO_Check1_ErrCnt_6","v":0},{"n":"KRO_Check1_ErrCnt_7","v":0},{"n":"KRO_Check1_ErrCnt_8","v":0},{"n":"KRO_Check1_ErrCnt_9","v":0},{"n":"KRO_Check1_ErrCnt_10","v":0},{"n":"KRO_Check1_ErrCnt_11","v":0},{"n":"KRO_Check1_ErrCnt_12","v":0},{"n":"KRO_Check1_ErrCnt_13","v":0},{"n":"KRO_Check1_ErrCnt_14","v":0},{"n":"KRO_Check1_ErrCnt_15","v":0},{"n":"KRO_Check1_ErrCnt_16","v":0},{"n":"KRO_Check1_ErrCnt_17","v":0},{"n":"KRO_Check1_ErrCnt_18","v":0},{"n":"KRO_Check1_ErrCnt_19","v":0},{"n":"KRO_Check1_ErrCnt_20","v":0},{"n":"KRO_Check1_ErrCnt_21","v":0},{"n":"KRO_Check1_ErrCnt_22","v":0},{"n":"KRO_Check1_ErrCnt_23","v":0},{"n":"KRO_Check1_Tot_Btl","v":36513},{"n":"KRO_Check1_Sp_1","v":0},{"n":"KRO_Check1_Sp_2","v":0},{"n":"KRO_Check1_Sp_3","v":0},{"n":"KRO_Check1_Sp_4","v":0},{"n":"KRO_Check1_Sp_5","v":0},{"n":"WS_Cur_Mach_Spd","v":1.3872854796815689e-42},{"n":"WS_Mach_Design_Spd","v":1.2849906917858573e-42},{"n":"WS_Bottle_Type","v":1050},{"n":"WS_Date_Coding","v":0},{"n":"WS_Tot_Bottles","v":36709}]
{"deviceId":"6d3ae3fe-0513-47f6-bad9-89c1b55fa024","readings":[{"path":"","meaning":"magneticField","value":{"x":56,"y":-3,"z":-155}}],"received":1479907320007}
{"deviceId":"19593fd3-feeb-477d-b976-a0b7926c8d5e","readings":[{"path":"","meaning":"angularSpeed","value":{"x":3.906,"y":0.61,"z":-1.098}}],"received":1479907331480}
{"deviceId":"2bbde89f-a4ac-4ff1-a8fb-ad2607745f7e","readings":[{"path":"","meaning":"angularSpeed","value":{"x":-0.732,"y":-1.342,"z":1.708}}],"received":1479907329165}
{"deviceId":"9bde4d3e-dfc7-4b31-90bc-9032961793c0","readings":[{"path":"","meaning":"luminosity","value":17.28}],"received":1479907332141}
[{"bn":"amb1/modbus/agg2-strom/","bt":1480001429.485},{"n":"V a-n","v":230.7963409423828,"u":"V"},{"n":"V b-n","v":230.69253540039062,"u":"V"},{"n":"V c-n","v":230.77877807617188,"u":"V"},{"n":"I a","v":2.869802236557007,"u":"A"},{"n":"I b","v":2.8904008865356445,"u":"A"},{"n":"I c","v":3.0298011302948,"u":"A"},{"n":"P a","v":300.4638671875,"u":"W"},{"n":"P b","v":438.49859619140625,"u":"W"},{"n":"P c","v":160.88380432128906,"u":"W"},{"n":"MP a","v":395.0259094238281,"u":"W"},{"n":"MP b","v":618.2363891601562,"u":"W"},{"n":"MP c","v":341.9181823730469,"u":"W"}]
[{"bn":"amb1/modbus/etima-strom/","bt":1480001428.249},{"n":"V a-n","v":230.95777893066406,"u":"V"},{"n":"V b-n","v":230.5978546142578,"u":"V"},{"n":"V c-n","v":230.48403930664062,"u":"V"},{"n":"I a","v":19.64739227294922,"u":"A"},{"n":"I b","v":18.16909408569336,"u":"A"},{"n":"I c","v":19.9818172454834,"u":"A"},{"n":"P a","v":4266.3359375,"u":"W"},{"n":"P b","v":3964.346435546875,"u":"W"},{"n":"P c","v":4381.556640625,"u":"W"},{"n":"MP a","v":13727.556640625,"u":"W"},{"n":"MP b","v":14837.0654296875,"u":"W"},{"n":"MP c","v":13078.4951171875,"u":"W"}]
[{"bn":"amb1/modbus/agg2-strom/","bt":1480001429.089},{"n":"V a-n","v":230.7400360107422,"u":"V"},{"n":"V b-n","v":230.70309448242188,"u":"V"},{"n":"V c-n","v":230.78622436523438,"u":"V"},{"n":"I a","v":2.72225284576416,"u":"A"},{"n":"I b","v":2.783102035522461,"u":"A"},{"n":"I c","v":2.906543493270874,"u":"A"},{"n":"P a","v":283.481201171875,"u":"W"},{"n":"P b","v":412.4992370605469,"u":"W"},{"n":"P c","v":146.2760772705078,"u":"W"},{"n":"MP a","v":395.0259094238281,"u":"W"},{"n":"MP b","v":618.2363891601562,"u":"W"},{"n":"MP c","v":341.9181823730469,"u":"W"}]
{"deviceId":"2bbde89f-a4ac-4ff1-a8fb-ad2607745f7e","readings":[{"path":"","meaning":"acceleration","value":{"x":0.025,"y":0.09,"z":-1.003}}],"received":1479907317072}
{"deviceId":"694dfd88-ed73-4a44-a839-b69b5228ad32","readings":[{"path":"total","meaning":"Consumption","value":"2.025"}],"received":1479907325851}
{"deviceId":"41d1bebb-51fc-46cc-87f1-7f7bf251d02e","readings":[{"path":"","meaning":"magneticField","value":{"x":55,"y":8,"z":-99}}],"received":1479907323578}
{"deviceId":"9bde4d3e-dfc7-4b31-90bc-9032961793c0","readings":[{"path":"","meaning":"luminosity","value":17.28}],"received":1479907323050}
{"deviceId":"78fb9f0b-754f-4db3-a229-94ae7b2379c5","readings":[{"path":"main","meaning":"temperature","value":26.7904},{"path":"main","meaning":"humidity","value":15.33},{"path":"main","meaning":"luminosity","value":0.17231476164},{"path":"main","meaning":"motion","value":0},{"path":"main","meaning":"audio","value":35},{"path":"main","meaning":"presence","value":false},{"path":"main","meaning":"firmwareVersion","value":"1.1.0"}],"received":1479907317575}
[{"bn":"amb1/modbus/etima-strom/","bt":1480001428.454},{"n":"V a-n","v":230.7716064453125,"u":"V"},{"n":"V b-n","v":229.90016174316406,"u":"V"},{"n":"V c-n","v":230.0923614501953,"u":"V"},{"n":"I a","v":20.390872955322266,"u":"A"},{"n":"I b","v":25.61807632446289,"u":"A"},{"n":"I c","v":24.24493408203125,"u":"A"},{"n":"P a","v":4422.87890625,"u":"W"},{"n":"P b","v":5721.75,"u":"W"},{"n":"P c","v":5397.41357421875,"u":"W"},{"n":"MP a","v":13727.556640625,"u":"W"},{"n":"MP b","v":14837.0654296875,"u":"W"},{"n":"MP c","v":13078.4951171875,"u":"W"}]
{"deviceId":"2bbde89f-a4ac-4ff1-a8fb-ad2607745f7e","readings":[{"path":"","meaning":"angularSpeed","value":{"x":-2.807,"y":-1.586,"z":-0.122}}],"received":1479907323125}
{"deviceId":"cc51a2eb-912d-4233-b78f-d447794947a0","readings":[{"path":"","meaning":"temperature","value":20.224}],"received":1479907323984}
{"deviceId":"e6d081cb-ed06-4817-bd7a-5eb781a4109c","readings":[{"path":"","meaning":"magneticField","value":{"x":59,"y":15,"z":-49}}],"received":1479907327913}
[{"bn":"amb1/modbus/agg2-strom/","bt":1480001429.202},{"n":"V a-n","v":230.7400360107422,"u":"V"},{"n":"V b-n","v":230.70309448242188,"u":"V"},{"n":"V c-n","v":230.78622436523438,"u":"V"},{"n":"I a","v":2.72225284576416,"u":"A"},{"n":"I b","v":2.783102035522461,"u":"A"},{"n":"I c","v":2.906543493270874,"u":"A"},{"n":"P a","v":283.481201171875,"u":"W"},{"n":"P b","v":412.4992370605469,"u":"W"},{"n":"P c","v":146.2760772705078,"u":"W"},{"n":"MP a","v":395.0259094238281,"u":"W"},{"n":"MP b","v":618.2363891601562,"u":"W"},{"n":"MP c","v":341.9181823730469,"u":"W"}]
{"deviceId":"9bde4d3e-dfc7-4b31-90bc-9032961793c0","readings":[{"path":"","meaning":"angularSpeed","value":{"x":0.488,"y":-4.638,"z":1.953}}],"received":1479907332148}
{"deviceId":"41d1bebb-51fc-46cc-87f1-7f7bf251d02e","readings":[{"path":"","meaning":"acceleration","value":{"x":-0.002,"y":0.064,"z":-0.998}}],"received":1479907330958}
{"deviceId":"f8df5133-0d50-42e4-be10-f533157220a4","readings":[{"path":"total","meaning":"Voltage","value":"123.140"}],"received":1479907317924}
{"deviceId":"19593fd3-feeb-477d-b976-a0b7926c8d5e","readings":[{"path":"","meaning":"angularSpeed","value":{"x":-0.366,"y":3.051,"z":-0.244}}],"received":1479907317622}
{"deviceId":"19593fd3-feeb-477d-b976-a0b7926c8d5e","readings":[{"path":"","meaning":"humidity","value":24.177}],"received":1479907316358}
[{"bn":"amb1/modbus/agg1-strom/","bt":1480001428.145},{"n":"V a-n","v":230.71524047851562,"u":"V"},{"n":"V b-n","v":230.64036560058594,"u":"V"},{"n":"V c-n","v":230.67051696777344,"u":"V"},{"n":"I a","v":3.009565830230713,"u":"A"},{"n":"I b","v":2.8751494884490967,"u":"A"},{"n":"I c","v":2.8133599758148193,"u":"A"},{"n":"P a","v":459.5118408203125,"u":"W"},{"n":"P b","v":432.95361328125,"u":"W"},{"n":"P c","v":410.8486633300781,"u":"W"},{"n":"MP a","v":637.7411499023438,"u":"W"},{"n":"MP b","v":606.9644165039062,"u":"W"},{"n":"MP c","v":587.9564819335938,"u":"W"}]
{"deviceId":"cc51a2eb-912d-4233-b78f-d447794947a0","readings":[{"path":"","meaning":"humidity","value":27.076}],"received":1479907330048}
{"deviceId":"19593fd3-feeb-477d-b976-a0b7926c8d5e","readings":[{"path":"","meaning":"acceleration","value":{"x":0.022,"y":0.017,"z":-0.99}}],"received":1479907328446}
{"deviceId":"2bbde89f-a4ac-4ff1-a8fb-ad2607745f7e","readings":[{"path":"","meaning":"luminosity","value":17.28}],"received":1479907317077}
[{"bn":"amb1/modbus/packer-strom/","bt":1480001428.862},{"n":"V a-n","v":231.64535522460938,"u":"V"},{"n":"V b-n","v":231.23541259765625,"u":"V"},{"n":"V c-n","v":231.17562866210938,"u":"V"},{"n":"I a","v":0.8219508528709412,"u":"A"},{"n":"I b","v":0.7165861129760742,"u":"A"},{"n":"I c","v":0.7732843160629272,"u":"A"},{"n":"P a","v":171.6040496826172,"u":"W"},{"n":"P b","v":149.03758239746094,"u":"W"},{"n":"P c","v":163.03829956054688,"u":"W"},{"n":"MP a","v":4455.33984375,"u":"W"},{"n":"MP b","v":2393.333984375,"u":"W"},{"n":"MP c","v":4630.62255859375,"u":"W"}]
[{"bn":"amb1/modbus/agg1-strom/","bt":1480001428.449},{"n":"V a-n","v":230.74069213867188,"u":"V"},{"n":"V b-n","v":230.73110961914062,"u":"V"},{"n":"V c-n","v":230.7370147705078,"u":"V"},{"n":"I a","v":2.9746158123016357,"u":"A"},{"n":"I b","v":2.847712278366089,"u":"A"},{"n":"I c","v":2.7998061180114746,"u":"A"},{"n":"P a","v":451.9931335449219,"u":"W"},{"n":"P b","v":428.325439453125,"u":"W"},{"n":"P c","v":411.41241455078125,"u":"W"},{"n":"MP a","v":637.7411499023438,"u":"W"},{"n":"MP b","v":606.9644165039062,"u":"W"},{"n":"MP c","v":587.9564819335938,"u":"W"}]
{"deviceId":"2bbde89f-a4ac-4ff1-a8fb-ad2607745f7e","readings":[{"path":"","meaning":"magneticField","value":{"x":14,"y":38,"z":-10}}],"received":1479907329173}
{"deviceId":"2bbde89f-a4ac-4ff1-a8fb-ad2607745f7e","readings":[{"path":"","meaning":"humidity","value":24.073}],"received":1479907317066}
{"deviceId":"e6d081cb-ed06-4817-bd7a-5eb781a4109c","readings":[{"path":"","meaning":"temperature","value":22.802}],"received":1479907327887}
{"deviceId":"f5cb907b-0dc7-43e8-91ab-fae94b4da6da","readings":[{"path":"","meaning":"luminosity","value":17.28}],"received":1479907315750}
{"deviceId":"78fb9f0b-754f-4db3-a229-94ae7b2379c5","readings":[{"path":"main","meaning":"temperature","value":26.7813},{"path":"main","meaning":"humidity","value":15.32},{"path":"main","meaning":"luminosity","value":0.17231476164},{"path":"main","meaning":"motion","value":0},{"path":"main","meaning":"audio","value":35},{"path":"main","meaning":"presence","value":false},{"path":"main","meaning":"firmwareVersion","value":"1.1.0"}],"received":1479907320718}
[{"bn":"amb1/modbus/fuller-strom/","bt":1480001428.255},{"n":"V a-n","v":229.85704040527344,"u":"V"},{"n":"V b-n","v":229.80482482910156,"u":"V"},{"n":"V c-n","v":229.90444946289062,"u":"V"},{"n":"I a","v":13.107532501220703,"u":"A"},{"n":"I b","v":11.979991912841797,"u":"A"},{"n":"I c","v":11.751897811889648,"u":"A"},{"n":"P a","v":2927.01318359375,"u":"W"},{"n":"P b","v":2662.20654296875,"u":"W"},{"n":"P c","v":2603.519775390625,"u":"W"},{"n":"MP a","v":6588.849609375,"u":"W"},{"n":"MP b","v":6426.0830078125,"u":"W"},{"n":"MP c","v":6329.1083984375,"u":"W"}]
{"deviceId":"bda4b3db-f615-4b77-9254-f53654e0615e","readings":[{"path":"","meaning":"magneticField","value":{"x":222,"y":57,"z":-256}}],"received":1479907316715}
{"deviceId":"2bbde89f-a4ac-4ff1-a8fb-ad2607745f7e","readings":[{"path":"","meaning":"luminosity","value":17.28}],"received":1479907332178}
{"deviceId":"19593fd3-feeb-477d-b976-a0b7926c8d5e","readings":[{"path":"","meaning":"acceleration","value":{"x":0.02,"y":0.021,"z":-0.984}}],"received":1479907322882}
[{"bn":"amb1/modbus/agg2-strom/","bt":1480001428.171},{"n":"V a-n","v":230.80056762695312,"u":"V"},{"n":"V b-n","v":230.79852294921875,"u":"V"},{"n":"V c-n","v":230.84927368164062,"u":"V"},{"n":"I a","v":2.5808095932006836,"u":"A"},{"n":"I b","v":2.619455575942993,"u":"A"},{"n":"I c","v":2.7313711643218994,"u":"A"},{"n":"P a","v":274.0281677246094,"u":"W"},{"n":"P b","v":386.4603271484375,"u":"W"},{"n":"P c","v":132.19456481933594,"u":"W"},{"n":"MP a","v":395.0259094238281,"u":"W"},{"n":"MP b","v":618.2363891601562,"u":"W"},{"n":"MP c","v":341.9181823730469,"u":"W"}]
[{"bn":"amb1/modbus/etima-strom/","bt":1480001428.967},{"n":"V a-n","v":230.9508056640625,"u":"V"},{"n":"V b-n","v":230.5992431640625,"u":"V"},{"n":"V c-n","v":230.41139221191406,"u":"V"},{"n":"I a","v":19.640602111816406,"u":"A"},{"n":"I b","v":18.0814266204834,"u":"A"},{"n":"I c","v":20.684736251831055,"u":"A"},{"n":"P a","v":4266.89501953125,"u":"W"},{"n":"P b","v":3946.002685546875,"u":"W"},{"n":"P c","v":4552.11083984375,"u":"W"},{"n":"MP a","v":13727.556640625,"u":"W"},{"n":"MP b","v":14837.0654296875,"u":"W"},{"n":"MP c","v":13078.4951171875,"u":"W"}]
{"deviceId":"bda4b3db-f615-4b77-9254-f53654e0615e","readings":[{"path":"","meaning":"magneticField","value":{"x":221,"y":58,"z":-255}}],"received":1479907331817}
{"deviceId":"9bde4d3e-dfc7-4b31-90bc-9032961793c0","readings":[{"path":"","meaning":"temperature","value":22.631}],"received":1479907329101}
[{"bn":"amb1/modbus/palletierer-strom/","bt":1480001429.487},{"n":"V a-n","v":231.4854278564453,"u":"V"},{"n":"V b-n","v":231.2004852294922,"u":"V"},{"n":"V c-n","v":231.23548889160156,"u":"V"},{"n":"I a","v":13.580018997192383,"u":"A"},{"n":"I b","v":11.868663787841797,"u":"A"},{"n":"I c","v":12.063264846801758,"u":"A"},{"n":"P a","v":2990.406494140625,"u":"W"},{"n":"P b","v":2580.27197265625,"u":"W"},{"n":"P c","v":2612.8740234375,"u":"W"},{"n":"MP a","v":11381.404296875,"u":"W"},{"n":"MP b","v":9179.755859375,"u":"W"},{"n":"MP c","v":10055.6123046875,"u":"W"}]
{"deviceId":"f5cb907b-0dc7-43e8-91ab-fae94b4da6da","readings":[{"path":"","meaning":"temperature","value":22.409}],"received":1479907327817}
{"deviceId":"9bde4d3e-dfc7-4b31-90bc-9032961793c0","readings":[{"path":"","meaning":"humidity","value":24.012}],"received":1479907320008}
[{"bn":"amb1/modbus/etima-strom/","bt":1480001429.38},{"n":"V a-n","v":230.54238891601562,"u":"V"},{"n":"V b-n","v":230.09681701660156,"u":"V"},{"n":"V c-n","v":230.21932983398438,"u":"V"},{"n":"I a","v":24.757617950439453,"u":"A"},{"n":"I b","v":25.474332809448242,"u":"A"},{"n":"I c","v":23.570350646972656,"u":"A"},{"n":"P a","v":5497.71533203125,"u":"W"},{"n":"P b","v":5695.24755859375,"u":"W"},{"n":"P c","v":5226.66064453125,"u":"W"},{"n":"MP a","v":13727.556640625,"u":"W"},{"n":"MP b","v":14837.0654296875,"u":"W"},{"n":"MP c","v":13078.4951171875,"u":"W"}]
{"deviceId":"e6d081cb-ed06-4817-bd7a-5eb781a4109c","readings":[{"path":"","meaning":"angularSpeed","value":{"x":5.371,"y":-2.319,"z":-8.666}}],"received":1479907321869}
{"deviceId":"2bbde89f-a4ac-4ff1-a8fb-ad2607745f7e","readings":[{"path":"","meaning":"humidity","value":24.092}],"received":1479907326125}
{"deviceId":"2bbde89f-a4ac-4ff1-a8fb-ad2607745f7e","readings":[{"path":"","meaning":"temperature","value":22.731}],"received":1479907332165}
{"deviceId":"f5cb907b-0dc7-43e8-91ab-fae94b4da6da","readings":[{"path":"","meaning":"temperature","value":22.399}],"received":1479907321779}
{"deviceId":"41d1bebb-51fc-46cc-87f1-7f7bf251d02e","readings":[{"path":"","meaning":"luminosity","value":23.04}],"received":1479907323578}
{"deviceId":"4a544aa3-4176-4437-93e7-93f4e07e6ffb","readings":[{"path":"main","meaning":"temperature","value":23.8329},{"path":"main","meaning":"humidity","value":18.3},{"path":"main","meaning":"luminosity","value":0},{"path":"main","meaning":"motion","value":0},{"path":"main","meaning":"audio","value":78.151112275684},{"path":"main","meaning":"presence","value":false},{"path":"main","meaning":"firmwareVersion","value":"1.1.0"}],"received":1479907322057}
[{"bn":"amb1/s7/palletierer/","bt":1480001429.437},{"n":"WS_Cur_Mode","v":8},{"n":"WS_Cur_Prog","v":1},{"n":"WS_Cur_State","v":128},{"n":"WS_Not_Of_Fail_Code","v":0},{"n":"KRO_First_Fault_M_Nu","v":0},{"n":"KRO_First_Fault_S_Nu","v":0},{"n":"WS_Pointer_Code","v":110001417},{"n":"KRO_Last_Warn_M_Num","v":1417},{"n":"KRO_Last_Warn_S_Num","v":11000},{"n":"KRO_Prod_Typ","v":1031},{"n":"KRO_Operating_Hours","v":3635},{"n":"WS_Prog_Step","v":0},{"n":"WS_S88_State","v":0},{"n":"KRO_Energy_State","v":0},{"n":"KRO_Temp_Prod_Out","v":0},{"n":"KRO_Temp_Steam_1","v":0},{"n":"KRO_Temp_Steam_2","v":0},{"n":"KRO_Temp_Steam_3","v":0},{"n":"KRO_Temp_Steam_4","v":0},{"n":"KRO_Temp_Steam_5","v":0},{"n":"KRO_Press_Prod_Tank","v":0},{"n":"KRO_Press_CIP","v":0},{"n":"KRO_Diff_Pr_Prod_Ta","v":0}]
[{"bn":"amb1/modbus/agg1-strom/","bt":1480001429.377},{"n":"V a-n","v":230.67689514160156,"u":"V"},{"n":"V b-n","v":230.7208251953125,"u":"V"},{"n":"V c-n","v":230.7203826904297,"u":"V"},{"n":"I a","v":2.8437702655792236,"u":"A"},{"n":"I b","v":2.729566812515259,"u":"A"},{"n":"I c","v":2.646308183670044,"u":"A"},{"n":"P a","v":427.15301513671875,"u":"W"},{"n":"P b","v":405.11102294921875,"u":"W"},{"n":"P c","v":379.3051452636719,"u":"W"},{"n":"MP a","v":637.7411499023438,"u":"W"},{"n":"MP b","v":606.9644165039062,"u":"W"},{"n":"MP c","v":587.9564819335938,"u":"W"}]
{"deviceId":"41d1bebb-51fc-46cc-87f1-7f7bf251d02e","readings":[{"path":"","meaning":"temperature","value":22.741}],"received":1479907324909}
{"deviceId":"41d1bebb-51fc-46cc-87f1-7f7bf251d02e","readings":[{"path":"","meaning":"luminosity","value":23.04}],"received":1479907330964}
{"deviceId":"41d1bebb-51fc-46cc-87f1-7f7bf251d02e","readings":[{"path":"","meaning":"temperature","value":22.741}],"received":1479907322083}
{"deviceId":"4a544aa3-4176-4437-93e7-93f4e07e6ffb","readings":[{"path":"main","meaning":"temperature","value":23.8329},{"path":"main","meaning":"humidity","value":18.31},{"path":"main","meaning":"luminosity","value":0},{"path":"main","meaning":"motion","value":0},{"path":"main","meaning":"audio","value":77.891982528397},{"path":"main","meaning":"presence","value":false},{"path":"main","meaning":"firmwareVersion","value":"1.1.0"}],"received":1479907328924}
{"deviceId":"9bde4d3e-dfc7-4b31-90bc-9032961793c0","readings":[{"path":"","meaning":"angularSpeed","value":{"x":-3.417,"y":0.244,"z":-3.784}}],"received":1479907320036}
{"deviceId":"6d3ae3fe-0513-47f6-bad9-89c1b55fa024","readings":[{"path":"","meaning":"luminosity","value":11.52}],"received":1479907329055}
{"deviceId":"bda4b3db-f615-4b77-9254-f53654e0615e","readings":[{"path":"","meaning":"temperature","value":21.231}],"received":1479907328768}
{"deviceId":"2bbde89f-a4ac-4ff1-a8fb-ad2607745f7e","readings":[{"path":"","meaning":"angularSpeed","value":{"x":5.493,"y":7.69,"z":-5.126}}],"received":1479907332185}
[{"bn":"amb1/modbus/palletierer-strom/","bt":1480001428.557},{"n":"V a-n","v":231.48666381835938,"u":"V"},{"n":"V b-n","v":231.12571716308594,"u":"V"},{"n":"V c-n","v":231.21121215820312,"u":"V"},{"n":"I a","v":11.388415336608887,"u":"A"},{"n":"I b","v":9.875381469726562,"u":"A"},{"n":"I c","v":10.042754173278809,"u":"A"},{"n":"P a","v":2438.145751953125,"u":"W"},{"n":"P b","v":2065.98291015625,"u":"W"},{"n":"P c","v":2073.617919921875,"u":"W"},{"n":"MP a","v":11381.404296875,"u":"W"},{"n":"MP b","v":9179.755859375,"u":"W"},{"n":"MP c","v":10055.6123046875,"u":"W"}]
{"deviceId":"19593fd3-feeb-477d-b976-a0b7926c8d5e","readings":[{"path":"","meaning":"temperature","value":22.439}],"received":1479907316355}
{"deviceId":"e6d081cb-ed06-4817-bd7a-5eb781a4109c","readings":[{"path":"","meaning":"luminosity","value":11.52}],"received":1479907321865}
[{"bn":"amb1/modbus/agg1-strom/","bt":1480001428.551},{"n":"V a-n","v":230.74069213867188,"u":"V"},{"n":"V b-n","v":230.73110961914062,"u":"V"},{"n":"V c-n","v":230.7370147705078,"u":"V"},{"n":"I a","v":2.9746158123016357,"u":"A"},{"n":"I b","v":2.847712278366089,"u":"A"},{"n":"I c","v":2.7998061180114746,"u":"A"},{"n":"P a","v":451.9931335449219,"u":"W"},{"n":"P b","v":428.325439453125,"u":"W"},{"n":"P c","v":411.41241455078125,"u":"W"},{"n":"MP a","v":637.7411499023438,"u":"W"},{"n":"MP b","v":606.9644165039062,"u":"W"},{"n":"MP c","v":587.9564819335938,"u":"W"}]
{"deviceId":"cc51a2eb-912d-4233-b78f-d447794947a0","readings":[{"path":"","meaning":"magneticField","value":{"x":-30,"y":26,"z":-24}}],"received":1479907327041}
{"deviceId":"bda4b3db-f615-4b77-9254-f53654e0615e","readings":[{"path":"","meaning":"humidity","value":25.929}],"received":1479907319709}
{"deviceId":"9bde4d3e-dfc7-4b31-90bc-9032961793c0","readings":[{"path":"","meaning":"temperature","value":22.59}],"received":1479907323037}
{"deviceId":"428816de-25f5-41a5-b80f-369b87f2b217","readings":[{"meaning":"tem2","value":2.5}],"received":1479907330772}
{"deviceId":"e6d081cb-ed06-4817-bd7a-5eb781a4109c","readings":[{"path":"","meaning":"angularSpeed","value":{"x":-2.807,"y":3.173,"z":0.488}}],"received":1479907315823}
{"deviceId":"6d3ae3fe-0513-47f6-bad9-89c1b55fa024","readings":[{"path":"","meaning":"humidity","value":24.269}],"received":1479907316963}
{"deviceId":"bda4b3db-f615-4b77-9254-f53654e0615e","readings":[{"path":"","meaning":"angularSpeed","value":{"x":4.028,"y":2.563,"z":-2.563}}],"received":1479907319728}
{"deviceId":"bda4b3db-f615-4b77-9254-f53654e0615e","readings":[{"path":"","meaning":"magneticField","value":{"x":222,"y":56,"z":-257}}],"received":1479907325776}
{"deviceId":"9bde4d3e-dfc7-4b31-90bc-9032961793c0","readings":[{"path":"","meaning":"magneticField","value":{"x":48,"y":12,"z":-176}}],"received":1479907329124}
{"deviceId":"bda4b3db-f615-4b77-9254-f53654e0615e","readings":[{"path":"","meaning":"humidity","value":25.947}],"received":1479907316699}
{"deviceId":"9bde4d3e-dfc7-4b31-90bc-9032961793c0","readings":[{"path":"","meaning":"acceleration","value":{"x":0.023,"y":0.094,"z":-1.01}}],"received":1479907316983}
{"deviceId":"f5cb907b-0dc7-43e8-91ab-fae94b4da6da","readings":[{"path":"","meaning":"magneticField","value":{"x":53,"y":12,"z":-94}}],"received":1479907321803}
{"deviceId":"bda4b3db-f615-4b77-9254-f53654e0615e","readings":[{"path":"","meaning":"luminosity","value":14.4}],"received":1479907319721}
{"deviceId":"6d3ae3fe-0513-47f6-bad9-89c1b55fa024","readings":[{"path":"","meaning":"humidity","value":24.269}],"received":1479907326023}
{"deviceId":"6d3ae3fe-0513-47f6-bad9-89c1b55fa024","readings":[{"path":"","meaning":"acceleration","value":{"x":0.003,"y":0.014,"z":-1.009}}],"received":1479907319989}
{"deviceId":"f5cb907b-0dc7-43e8-91ab-fae94b4da6da","readings":[{"path":"","meaning":"luminosity","value":17.28}],"received":1479907318770}
{"deviceId":"2bbde89f-a4ac-4ff1-a8fb-ad2607745f7e","readings":[{"path":"","meaning":"luminosity","value":17.28}],"received":1479907329160}
[{"bn":"amb1/modbus/agg1-strom/","bt":1480001429.48},{"n":"V a-n","v":230.77865600585938,"u":"V"},{"n":"V b-n","v":230.7774200439453,"u":"V"},{"n":"V c-n","v":230.74766540527344,"u":"V"},{"n":"I a","v":2.7267215251922607,"u":"A"},{"n":"I b","v":2.5904688835144043,"u":"A"},{"n":"I c","v":2.5600154399871826,"u":"A"},{"n":"P a","v":408.04241943359375,"u":"W"},{"n":"P b","v":385.17303466796875,"u":"W"},{"n":"P c","v":367.54840087890625,"u":"W"},{"n":"MP a","v":637.7411499023438,"u":"W"},{"n":"MP b","v":606.9644165039062,"u":"W"},{"n":"MP c","v":587.9564819335938,"u":"W"}]
{"deviceId":"41d1bebb-51fc-46cc-87f1-7f7bf251d02e","readings":[{"path":"","meaning":"angularSpeed","value":{"x":1.098,"y":1.464,"z":0.488}}],"received":1479907315867}
{"deviceId":"ba786f82-1dbe-40e0-b0d2-183c0231de9e","readings":[{"path":"main","meaning":"temperature","value":24.1878},{"path":"main","meaning":"humidity","value":17.44},{"path":"main","meaning":"luminosity","value":0.11487650776},{"path":"main","meaning":"motion","value":0},{"path":"main","meaning":"audio","value":35},{"path":"main","meaning":"presence","value":false},{"path":"main","meaning":"firmwareVersion","value":"1.1.0"}],"received":1479907325568}
[{"bn":"amb1/modbus/fuller-strom/","bt":1480001428.662},{"n":"V a-n","v":229.80029296875,"u":"V"},{"n":"V b-n","v":229.72572326660156,"u":"V"},{"n":"V c-n","v":229.89163208007812,"u":"V"},{"n":"I a","v":13.245545387268066,"u":"A"},{"n":"I b","v":12.07645034790039,"u":"A"},{"n":"I c","v":11.877395629882812,"u":"A"},{"n":"P a","v":2959.87890625,"u":"W"},{"n":"P b","v":2684.787353515625,"u":"W"},{"n":"P c","v":2633.37353515625,"u":"W"},{"n":"MP a","v":6588.849609375,"u":"W"},{"n":"MP b","v":6426.0830078125,"u":"W"},{"n":"MP c","v":6329.1083984375,"u":"W"}]
{"deviceId":"f8df5133-0d50-42e4-be10-f533157220a4","readings":[{"path":"total","meaning":"Current","value":"1.054"}],"received":1479907318305}
